2019-11-14 10:27:06,924 [INFO] [main] o.s.data.repository.config.RepositoryConfigurationDelegate [RepositoryConfigurationDelegate.java : 163] Multiple Spring Data modules found, entering strict repository configuration mode!
2019-11-14 10:27:11,057 [INFO] [main] com.alibaba.druid.pool.DruidDataSource [DruidDataSource.java : 930] {dataSource-1} inited
2019-11-14 10:27:17,454 [WARN] [main] com.baomidou.mybatisplus.toolkit.TableInfoHelper [TableInfoHelper.java : 188] Warn: Could not find @TableId in Class: io.renren.modules.gkzr.entity.GkzrEntity.
2019-11-14 10:27:17,456 [WARN] [main] com.baomidou.mybatisplus.mapper.AutoSqlInjector [AutoSqlInjector.java : 147] class io.renren.modules.gkzr.entity.GkzrEntity ,Not found @TableId annotation, Cannot use Mybatis-Plus 'xxById' Method.
2019-11-14 10:27:17,897 [INFO] [main] org.quartz.impl.StdSchedulerFactory [StdSchedulerFactory.java : 1208] Using default implementation for ThreadExecutor
2019-11-14 10:27:17,944 [INFO] [main] org.quartz.core.SchedulerSignalerImpl [SchedulerSignalerImpl.java : 61] Initialized Scheduler Signaller of type: class org.quartz.core.SchedulerSignalerImpl
2019-11-14 10:27:17,946 [INFO] [main] org.quartz.core.QuartzScheduler [QuartzScheduler.java : 229] Quartz Scheduler v.2.3.0 created.
2019-11-14 10:27:17,961 [INFO] [main] o.springframework.scheduling.quartz.LocalDataSourceJobStore [JobStoreSupport.java : 672] Using db table-based data access locking (synchronization).
2019-11-14 10:27:17,968 [INFO] [main] o.springframework.scheduling.quartz.LocalDataSourceJobStore [JobStoreCMT.java : 145] JobStoreCMT initialized.
2019-11-14 10:27:17,972 [INFO] [main] org.quartz.core.QuartzScheduler [QuartzScheduler.java : 294] Scheduler meta-data: Quartz Scheduler (v2.3.0) 'RenrenScheduler' with instanceId 'DESKTOP-8V6KU1U1573698437903'
  Scheduler class: 'org.quartz.core.QuartzScheduler' - running locally.
  NOT STARTED.
  Currently in standby mode.
  Number of jobs executed: 0
  Using thread pool 'org.quartz.simpl.SimpleThreadPool' - with 20 threads.
  Using job-store 'org.springframework.scheduling.quartz.LocalDataSourceJobStore' - which supports persistence. and is clustered.

2019-11-14 10:27:17,974 [INFO] [main] org.quartz.impl.StdSchedulerFactory [StdSchedulerFactory.java : 1362] Quartz scheduler 'RenrenScheduler' initialized from an externally provided properties instance.
2019-11-14 10:27:17,975 [INFO] [main] org.quartz.impl.StdSchedulerFactory [StdSchedulerFactory.java : 1366] Quartz scheduler version: 2.3.0
2019-11-14 10:27:17,980 [INFO] [main] org.quartz.core.QuartzScheduler [QuartzScheduler.java : 2287] JobFactory set to: org.springframework.scheduling.quartz.AdaptableJobFactory@2d3111a1
2019-11-14 10:27:18,250 [DEBUG] [main] io.renren.modules.job.dao.ScheduleJobDao.selectList [BaseJdbcLogger.java : 159] ==>  Preparing: SELECT job_id AS jobId,bean_name AS beanName,method_name AS methodName,params,cron_expression AS cronExpression,`status`,remark,create_time AS createTime FROM schedule_job 
2019-11-14 10:27:18,325 [DEBUG] [main] io.renren.modules.job.dao.ScheduleJobDao.selectList [BaseJdbcLogger.java : 159] ==> Parameters: 
2019-11-14 10:27:18,381 [DEBUG] [main] io.renren.modules.job.dao.ScheduleJobDao.selectList [BaseJdbcLogger.java : 159] <==      Total: 2
2019-11-14 10:27:27,965 [INFO] [main] s.d.spring.web.plugins.DocumentationPluginsBootstrapper [DocumentationPluginsBootstrapper.java : 147] Context refreshed
2019-11-14 10:27:28,013 [INFO] [main] s.d.spring.web.plugins.DocumentationPluginsBootstrapper [DocumentationPluginsBootstrapper.java : 150] Found 1 custom documentation plugin(s)
2019-11-14 10:27:28,149 [INFO] [main] s.d.spring.web.scanners.ApiListingReferenceScanner [ApiListingReferenceScanner.java : 41] Scanning for api listing references
2019-11-14 10:27:28,618 [DEBUG] [main] io.renren.modules.sjflyjs.dao.ShLegalOpinionDao.selectList [BaseJdbcLogger.java : 159] ==>  Preparing: SELECT id AS id,fv_file_name AS fvFileName,fv_file_title AS fvFileTitle,fv_lower_firm AS fvLowerFirm,fv_company_name_new AS fvCompanyNameNew,fv_company_name AS fvCompanyName,fv_lower_firm_new AS fvLowerFirmNew,fv_charge_person AS fvChargePerson,fv_lower1 AS fvLower1,fv_lower2 AS fvLower2,fv_lower3 AS fvLower3,fv_lower4 AS fvLower4,fv_lower5 AS fvLower5,fv_authorizer AS fvAuthorizer,fv_date AS fvDate,fv_type AS fvType FROM sh_legal_opinion 
2019-11-14 10:27:28,620 [DEBUG] [main] io.renren.modules.sjflyjs.dao.ShLegalOpinionDao.selectList [BaseJdbcLogger.java : 159] ==> Parameters: 
2019-11-14 10:27:28,776 [DEBUG] [main] io.renren.modules.sjflyjs.dao.ShLegalOpinionDao.selectList [BaseJdbcLogger.java : 159] <==      Total: 2754
2019-11-14 10:27:58,242 [INFO] [Quartz Scheduler [RenrenScheduler]] o.springframework.scheduling.quartz.LocalDataSourceJobStore [JobStoreSupport.java : 3629] ClusterManager: detected 1 failed or restarted instances.
2019-11-14 10:27:58,244 [INFO] [Quartz Scheduler [RenrenScheduler]] o.springframework.scheduling.quartz.LocalDataSourceJobStore [JobStoreSupport.java : 3488] ClusterManager: Scanning for instance "DESKTOP-8V6KU1U1573643685143"'s failed in-progress jobs.
2019-11-14 10:27:58,375 [INFO] [Quartz Scheduler [RenrenScheduler]] org.quartz.core.QuartzScheduler [QuartzScheduler.java : 547] Scheduler RenrenScheduler_$_DESKTOP-8V6KU1U1573698437903 started.
2019-11-14 10:27:58,382 [INFO] [QuartzScheduler_RenrenScheduler-DESKTOP-8V6KU1U1573698437903_MisfireHandler] o.springframework.scheduling.quartz.LocalDataSourceJobStore [JobStoreSupport.java : 973] Handling 1 trigger(s) that missed their scheduled fire-time.
2019-11-14 10:30:00,223 [INFO] [RenrenScheduler_Worker-1] io.renren.modules.job.utils.ScheduleJob [ScheduleJob.java : 67] 任务准备执行，任务ID：1
2019-11-14 10:30:00,235 [INFO] [pool-2-thread-1] io.renren.modules.job.task.TestTask [TestTask.java : 43] 我是带参数的test方法，正在被执行，参数为：renren
2019-11-14 10:30:01,266 [DEBUG] [pool-2-thread-1] io.renren.modules.sys.dao.SysUserDao.selectById [BaseJdbcLogger.java : 159] ==>  Preparing: SELECT user_id AS userId,username,`password`,salt,email,mobile,`status`,create_time AS createTime,dept_id AS deptId FROM sys_user WHERE user_id=? 
2019-11-14 10:30:01,267 [DEBUG] [pool-2-thread-1] io.renren.modules.sys.dao.SysUserDao.selectById [BaseJdbcLogger.java : 159] ==> Parameters: 1(Long)
2019-11-14 10:30:01,271 [DEBUG] [pool-2-thread-1] io.renren.modules.sys.dao.SysUserDao.selectById [BaseJdbcLogger.java : 159] <==      Total: 1
2019-11-14 10:30:01,291 [INFO] [RenrenScheduler_Worker-1] io.renren.modules.job.utils.ScheduleJob [ScheduleJob.java : 80] 任务执行完毕，任务ID：1  总共耗时：1068毫秒
2019-11-14 10:30:01,339 [DEBUG] [RenrenScheduler_Worker-1] io.renren.modules.job.dao.ScheduleJobLogDao.insert [BaseJdbcLogger.java : 159] ==>  Preparing: INSERT INTO schedule_job_log ( job_id, bean_name, method_name, params, `status`, times, create_time ) VALUES ( ?, ?, ?, ?, ?, ?, ? ) 
2019-11-14 10:30:01,343 [DEBUG] [RenrenScheduler_Worker-1] io.renren.modules.job.dao.ScheduleJobLogDao.insert [BaseJdbcLogger.java : 159] ==> Parameters: 1(Long), testTask(String), test(String), renren(String), 0(Integer), 1068(Integer), 2019-11-14 10:30:00.223(Timestamp)
2019-11-14 10:30:01,370 [DEBUG] [RenrenScheduler_Worker-1] io.renren.modules.job.dao.ScheduleJobLogDao.insert [BaseJdbcLogger.java : 159] <==    Updates: 1
2019-11-14 10:57:46,772 [ERROR] [QuartzScheduler_RenrenScheduler-DESKTOP-8V6KU1U1573698437903_ClusterManager] com.alibaba.druid.filter.stat.StatFilter [StatFilter.java : 478] slow sql 1636 millis. UPDATE QRTZ_SCHEDULER_STATE SET LAST_CHECKIN_TIME = ? WHERE SCHED_NAME = 'RenrenScheduler' AND INSTANCE_NAME = ?[1573700265128,"DESKTOP-8V6KU1U1573698437903"]
2019-11-14 10:58:40,742 [ERROR] [QuartzScheduler_RenrenScheduler-DESKTOP-8V6KU1U1573698437903_MisfireHandler] com.alibaba.druid.filter.stat.StatFilter [StatFilter.java : 478] slow sql 1552 millis. SELECT COUNT(TRIGGER_NAME) FROM QRTZ_TRIGGERS WHERE SCHED_NAME = 'RenrenScheduler' AND NOT (MISFIRE_INSTR = -1) AND NEXT_FIRE_TIME < ? AND TRIGGER_STATE = ?[1573700307188,"WAITING"]
2019-11-14 11:01:29,771 [ERROR] [QuartzScheduler_RenrenScheduler-DESKTOP-8V6KU1U1573698437903_ClusterManager] com.alibaba.druid.filter.stat.StatFilter [StatFilter.java : 478] slow sql 127698 millis. UPDATE QRTZ_SCHEDULER_STATE SET LAST_CHECKIN_TIME = ? WHERE SCHED_NAME = 'RenrenScheduler' AND INSTANCE_NAME = ?[1573700362071,"DESKTOP-8V6KU1U1573698437903"]
2019-11-14 11:01:30,018 [INFO] [QuartzScheduler_RenrenScheduler-DESKTOP-8V6KU1U1573698437903_MisfireHandler] o.springframework.scheduling.quartz.LocalDataSourceJobStore [JobStoreSupport.java : 973] Handling 1 trigger(s) that missed their scheduled fire-time.
2019-11-14 11:01:30,046 [DEBUG] [main] io.renren.modules.sjflyjs.dao.ShLegalOpinionDao.updateById [BaseJdbcLogger.java : 159] ==>  Preparing: UPDATE sh_legal_opinion SET fv_file_name=?, fv_lower_firm=?, fv_company_name=?, fv_charge_person=?, fv_lower1=?, fv_lower2=?, fv_lower3=?, fv_lower4=?, fv_date=?, fv_type=? WHERE id=? 
2019-11-14 11:01:30,048 [DEBUG] [main] io.renren.modules.sjflyjs.dao.ShLegalOpinionDao.updateById [BaseJdbcLogger.java : 159] ==> Parameters: 宁波热电：国浩律师（杭州）事务所关于宁波热电限制性股票激励计划之法律意见书(String), 国浩律师（杭州）事务所(String), 宁波热电股份有限公司(String), 颜华荣(String), 李(String), 燕(String), 汪(String), 琛(String), 2019-11-07(String), 上交(String), 319419(Long)
2019-11-14 11:01:30,051 [DEBUG] [main] io.renren.modules.sjflyjs.dao.ShLegalOpinionDao.updateById [BaseJdbcLogger.java : 159] <==    Updates: 1
2019-11-14 11:01:30,057 [INFO] [Thread-3] org.quartz.core.QuartzScheduler [QuartzScheduler.java : 585] Scheduler RenrenScheduler_$_DESKTOP-8V6KU1U1573698437903 paused.
2019-11-14 11:01:30,066 [INFO] [Thread-3] org.quartz.core.QuartzScheduler [QuartzScheduler.java : 666] Scheduler RenrenScheduler_$_DESKTOP-8V6KU1U1573698437903 shutting down.
2019-11-14 11:01:30,067 [INFO] [Thread-3] org.quartz.core.QuartzScheduler [QuartzScheduler.java : 585] Scheduler RenrenScheduler_$_DESKTOP-8V6KU1U1573698437903 paused.
2019-11-14 11:01:30,071 [INFO] [Thread-3] org.quartz.core.QuartzScheduler [QuartzScheduler.java : 740] Scheduler RenrenScheduler_$_DESKTOP-8V6KU1U1573698437903 shutdown complete.
2019-11-14 11:01:30,344 [INFO] [Thread-3] com.alibaba.druid.pool.DruidDataSource [DruidDataSource.java : 1825] {dataSource-1} closed
2019-11-14 11:01:45,515 [INFO] [main] o.s.data.repository.config.RepositoryConfigurationDelegate [RepositoryConfigurationDelegate.java : 163] Multiple Spring Data modules found, entering strict repository configuration mode!
2019-11-14 11:01:48,562 [INFO] [main] com.alibaba.druid.pool.DruidDataSource [DruidDataSource.java : 930] {dataSource-1} inited
2019-11-14 11:01:55,443 [WARN] [main] com.baomidou.mybatisplus.toolkit.TableInfoHelper [TableInfoHelper.java : 188] Warn: Could not find @TableId in Class: io.renren.modules.gkzr.entity.GkzrEntity.
2019-11-14 11:01:55,445 [WARN] [main] com.baomidou.mybatisplus.mapper.AutoSqlInjector [AutoSqlInjector.java : 147] class io.renren.modules.gkzr.entity.GkzrEntity ,Not found @TableId annotation, Cannot use Mybatis-Plus 'xxById' Method.
2019-11-14 11:01:55,799 [INFO] [main] org.quartz.impl.StdSchedulerFactory [StdSchedulerFactory.java : 1208] Using default implementation for ThreadExecutor
2019-11-14 11:01:55,833 [INFO] [main] org.quartz.core.SchedulerSignalerImpl [SchedulerSignalerImpl.java : 61] Initialized Scheduler Signaller of type: class org.quartz.core.SchedulerSignalerImpl
2019-11-14 11:01:55,833 [INFO] [main] org.quartz.core.QuartzScheduler [QuartzScheduler.java : 229] Quartz Scheduler v.2.3.0 created.
2019-11-14 11:01:55,842 [INFO] [main] o.springframework.scheduling.quartz.LocalDataSourceJobStore [JobStoreSupport.java : 672] Using db table-based data access locking (synchronization).
2019-11-14 11:01:55,847 [INFO] [main] o.springframework.scheduling.quartz.LocalDataSourceJobStore [JobStoreCMT.java : 145] JobStoreCMT initialized.
2019-11-14 11:01:55,849 [INFO] [main] org.quartz.core.QuartzScheduler [QuartzScheduler.java : 294] Scheduler meta-data: Quartz Scheduler (v2.3.0) 'RenrenScheduler' with instanceId 'DESKTOP-8V6KU1U1573700515803'
  Scheduler class: 'org.quartz.core.QuartzScheduler' - running locally.
  NOT STARTED.
  Currently in standby mode.
  Number of jobs executed: 0
  Using thread pool 'org.quartz.simpl.SimpleThreadPool' - with 20 threads.
  Using job-store 'org.springframework.scheduling.quartz.LocalDataSourceJobStore' - which supports persistence. and is clustered.

2019-11-14 11:01:55,851 [INFO] [main] org.quartz.impl.StdSchedulerFactory [StdSchedulerFactory.java : 1362] Quartz scheduler 'RenrenScheduler' initialized from an externally provided properties instance.
2019-11-14 11:01:55,853 [INFO] [main] org.quartz.impl.StdSchedulerFactory [StdSchedulerFactory.java : 1366] Quartz scheduler version: 2.3.0
2019-11-14 11:01:55,857 [INFO] [main] org.quartz.core.QuartzScheduler [QuartzScheduler.java : 2287] JobFactory set to: org.springframework.scheduling.quartz.AdaptableJobFactory@3a9c92b5
2019-11-14 11:01:56,126 [DEBUG] [main] io.renren.modules.job.dao.ScheduleJobDao.selectList [BaseJdbcLogger.java : 159] ==>  Preparing: SELECT job_id AS jobId,bean_name AS beanName,method_name AS methodName,params,cron_expression AS cronExpression,`status`,remark,create_time AS createTime FROM schedule_job 
2019-11-14 11:01:56,278 [DEBUG] [main] io.renren.modules.job.dao.ScheduleJobDao.selectList [BaseJdbcLogger.java : 159] ==> Parameters: 
2019-11-14 11:01:56,360 [DEBUG] [main] io.renren.modules.job.dao.ScheduleJobDao.selectList [BaseJdbcLogger.java : 159] <==      Total: 2
2019-11-14 11:02:03,856 [INFO] [main] s.d.spring.web.plugins.DocumentationPluginsBootstrapper [DocumentationPluginsBootstrapper.java : 147] Context refreshed
2019-11-14 11:02:03,929 [INFO] [main] s.d.spring.web.plugins.DocumentationPluginsBootstrapper [DocumentationPluginsBootstrapper.java : 150] Found 1 custom documentation plugin(s)
2019-11-14 11:02:04,112 [INFO] [main] s.d.spring.web.scanners.ApiListingReferenceScanner [ApiListingReferenceScanner.java : 41] Scanning for api listing references
2019-11-14 11:02:04,663 [DEBUG] [main] io.renren.modules.sjflyjs.dao.ShLegalOpinionDao.selectList [BaseJdbcLogger.java : 159] ==>  Preparing: SELECT id AS id,fv_file_name AS fvFileName,fv_file_title AS fvFileTitle,fv_lower_firm AS fvLowerFirm,fv_company_name_new AS fvCompanyNameNew,fv_company_name AS fvCompanyName,fv_lower_firm_new AS fvLowerFirmNew,fv_charge_person AS fvChargePerson,fv_lower1 AS fvLower1,fv_lower2 AS fvLower2,fv_lower3 AS fvLower3,fv_lower4 AS fvLower4,fv_lower5 AS fvLower5,fv_authorizer AS fvAuthorizer,fv_date AS fvDate,fv_type AS fvType FROM sh_legal_opinion 
2019-11-14 11:02:04,665 [DEBUG] [main] io.renren.modules.sjflyjs.dao.ShLegalOpinionDao.selectList [BaseJdbcLogger.java : 159] ==> Parameters: 
2019-11-14 11:02:04,808 [DEBUG] [main] io.renren.modules.sjflyjs.dao.ShLegalOpinionDao.selectList [BaseJdbcLogger.java : 159] <==      Total: 2754
2019-11-14 11:02:34,384 [INFO] [Quartz Scheduler [RenrenScheduler]] o.springframework.scheduling.quartz.LocalDataSourceJobStore [JobStoreSupport.java : 3629] ClusterManager: detected 1 failed or restarted instances.
2019-11-14 11:02:34,387 [INFO] [Quartz Scheduler [RenrenScheduler]] o.springframework.scheduling.quartz.LocalDataSourceJobStore [JobStoreSupport.java : 3488] ClusterManager: Scanning for instance "DESKTOP-8V6KU1U1573698437903"'s failed in-progress jobs.
2019-11-14 11:02:34,477 [INFO] [Quartz Scheduler [RenrenScheduler]] org.quartz.core.QuartzScheduler [QuartzScheduler.java : 547] Scheduler RenrenScheduler_$_DESKTOP-8V6KU1U1573700515803 started.
2019-11-14 11:02:34,484 [INFO] [QuartzScheduler_RenrenScheduler-DESKTOP-8V6KU1U1573700515803_MisfireHandler] o.springframework.scheduling.quartz.LocalDataSourceJobStore [JobStoreSupport.java : 973] Handling 1 trigger(s) that missed their scheduled fire-time.
2019-11-14 11:09:15,559 [DEBUG] [main] io.renren.modules.sjflyjs.dao.ShLegalOpinionDao.updateById [BaseJdbcLogger.java : 159] ==>  Preparing: UPDATE sh_legal_opinion SET fv_file_name=?, fv_lower_firm=?, fv_company_name=?, fv_charge_person=?, fv_lower1=?, fv_lower2=?, fv_lower3=?, fv_lower4=?, fv_date=?, fv_type=? WHERE id=? 
2019-11-14 11:09:15,561 [DEBUG] [main] io.renren.modules.sjflyjs.dao.ShLegalOpinionDao.updateById [BaseJdbcLogger.java : 159] ==> Parameters: 宁波热电：国浩律师（杭州）事务所关于宁波热电限制性股票激励计划之法律意见书(String), 国浩律师（杭州）事务所(String), 宁波热电股份有限公司(String), 颜华荣(String), 李(String), 燕(String), 汪(String), 琛(String), 2019-11-07(String), 上交(String), 319419(Long)
2019-11-14 11:09:15,564 [DEBUG] [main] io.renren.modules.sjflyjs.dao.ShLegalOpinionDao.updateById [BaseJdbcLogger.java : 159] <==    Updates: 1
2019-11-14 11:09:15,617 [INFO] [Thread-3] org.quartz.core.QuartzScheduler [QuartzScheduler.java : 585] Scheduler RenrenScheduler_$_DESKTOP-8V6KU1U1573700515803 paused.
2019-11-14 11:09:15,626 [INFO] [Thread-3] org.quartz.core.QuartzScheduler [QuartzScheduler.java : 666] Scheduler RenrenScheduler_$_DESKTOP-8V6KU1U1573700515803 shutting down.
2019-11-14 11:09:15,626 [INFO] [Thread-3] org.quartz.core.QuartzScheduler [QuartzScheduler.java : 585] Scheduler RenrenScheduler_$_DESKTOP-8V6KU1U1573700515803 paused.
2019-11-14 11:09:15,715 [INFO] [Thread-3] org.quartz.core.QuartzScheduler [QuartzScheduler.java : 740] Scheduler RenrenScheduler_$_DESKTOP-8V6KU1U1573700515803 shutdown complete.
2019-11-14 11:09:15,764 [INFO] [Thread-3] com.alibaba.druid.pool.DruidDataSource [DruidDataSource.java : 1825] {dataSource-1} closed
2019-11-14 11:09:31,456 [INFO] [main] o.s.data.repository.config.RepositoryConfigurationDelegate [RepositoryConfigurationDelegate.java : 163] Multiple Spring Data modules found, entering strict repository configuration mode!
2019-11-14 11:09:34,157 [INFO] [main] com.alibaba.druid.pool.DruidDataSource [DruidDataSource.java : 930] {dataSource-1} inited
2019-11-14 11:09:40,105 [WARN] [main] com.baomidou.mybatisplus.toolkit.TableInfoHelper [TableInfoHelper.java : 188] Warn: Could not find @TableId in Class: io.renren.modules.gkzr.entity.GkzrEntity.
2019-11-14 11:09:40,105 [WARN] [main] com.baomidou.mybatisplus.mapper.AutoSqlInjector [AutoSqlInjector.java : 147] class io.renren.modules.gkzr.entity.GkzrEntity ,Not found @TableId annotation, Cannot use Mybatis-Plus 'xxById' Method.
2019-11-14 11:09:40,456 [INFO] [main] org.quartz.impl.StdSchedulerFactory [StdSchedulerFactory.java : 1208] Using default implementation for ThreadExecutor
2019-11-14 11:09:40,509 [INFO] [main] org.quartz.core.SchedulerSignalerImpl [SchedulerSignalerImpl.java : 61] Initialized Scheduler Signaller of type: class org.quartz.core.SchedulerSignalerImpl
2019-11-14 11:09:40,510 [INFO] [main] org.quartz.core.QuartzScheduler [QuartzScheduler.java : 229] Quartz Scheduler v.2.3.0 created.
2019-11-14 11:09:40,521 [INFO] [main] o.springframework.scheduling.quartz.LocalDataSourceJobStore [JobStoreSupport.java : 672] Using db table-based data access locking (synchronization).
2019-11-14 11:09:40,527 [INFO] [main] o.springframework.scheduling.quartz.LocalDataSourceJobStore [JobStoreCMT.java : 145] JobStoreCMT initialized.
2019-11-14 11:09:40,530 [INFO] [main] org.quartz.core.QuartzScheduler [QuartzScheduler.java : 294] Scheduler meta-data: Quartz Scheduler (v2.3.0) 'RenrenScheduler' with instanceId 'DESKTOP-8V6KU1U1573700980461'
  Scheduler class: 'org.quartz.core.QuartzScheduler' - running locally.
  NOT STARTED.
  Currently in standby mode.
  Number of jobs executed: 0
  Using thread pool 'org.quartz.simpl.SimpleThreadPool' - with 20 threads.
  Using job-store 'org.springframework.scheduling.quartz.LocalDataSourceJobStore' - which supports persistence. and is clustered.

2019-11-14 11:09:40,534 [INFO] [main] org.quartz.impl.StdSchedulerFactory [StdSchedulerFactory.java : 1362] Quartz scheduler 'RenrenScheduler' initialized from an externally provided properties instance.
2019-11-14 11:09:40,535 [INFO] [main] org.quartz.impl.StdSchedulerFactory [StdSchedulerFactory.java : 1366] Quartz scheduler version: 2.3.0
2019-11-14 11:09:40,543 [INFO] [main] org.quartz.core.QuartzScheduler [QuartzScheduler.java : 2287] JobFactory set to: org.springframework.scheduling.quartz.AdaptableJobFactory@740ee00f
2019-11-14 11:09:40,708 [DEBUG] [main] io.renren.modules.job.dao.ScheduleJobDao.selectList [BaseJdbcLogger.java : 159] ==>  Preparing: SELECT job_id AS jobId,bean_name AS beanName,method_name AS methodName,params,cron_expression AS cronExpression,`status`,remark,create_time AS createTime FROM schedule_job 
2019-11-14 11:09:40,768 [DEBUG] [main] io.renren.modules.job.dao.ScheduleJobDao.selectList [BaseJdbcLogger.java : 159] ==> Parameters: 
2019-11-14 11:09:40,807 [DEBUG] [main] io.renren.modules.job.dao.ScheduleJobDao.selectList [BaseJdbcLogger.java : 159] <==      Total: 2
2019-11-14 11:09:48,050 [INFO] [main] s.d.spring.web.plugins.DocumentationPluginsBootstrapper [DocumentationPluginsBootstrapper.java : 147] Context refreshed
2019-11-14 11:09:48,093 [INFO] [main] s.d.spring.web.plugins.DocumentationPluginsBootstrapper [DocumentationPluginsBootstrapper.java : 150] Found 1 custom documentation plugin(s)
2019-11-14 11:09:48,193 [INFO] [main] s.d.spring.web.scanners.ApiListingReferenceScanner [ApiListingReferenceScanner.java : 41] Scanning for api listing references
2019-11-14 11:09:48,600 [DEBUG] [main] io.renren.modules.sjflyjs.dao.ShLegalOpinionDao.selectList [BaseJdbcLogger.java : 159] ==>  Preparing: SELECT id AS id,fv_file_name AS fvFileName,fv_file_title AS fvFileTitle,fv_lower_firm AS fvLowerFirm,fv_company_name_new AS fvCompanyNameNew,fv_company_name AS fvCompanyName,fv_lower_firm_new AS fvLowerFirmNew,fv_charge_person AS fvChargePerson,fv_lower1 AS fvLower1,fv_lower2 AS fvLower2,fv_lower3 AS fvLower3,fv_lower4 AS fvLower4,fv_lower5 AS fvLower5,fv_authorizer AS fvAuthorizer,fv_date AS fvDate,fv_type AS fvType FROM sh_legal_opinion 
2019-11-14 11:09:48,601 [DEBUG] [main] io.renren.modules.sjflyjs.dao.ShLegalOpinionDao.selectList [BaseJdbcLogger.java : 159] ==> Parameters: 
2019-11-14 11:09:48,767 [DEBUG] [main] io.renren.modules.sjflyjs.dao.ShLegalOpinionDao.selectList [BaseJdbcLogger.java : 159] <==      Total: 2754
2019-11-14 11:10:18,242 [INFO] [Quartz Scheduler [RenrenScheduler]] o.springframework.scheduling.quartz.LocalDataSourceJobStore [JobStoreSupport.java : 3629] ClusterManager: detected 1 failed or restarted instances.
2019-11-14 11:10:18,244 [INFO] [Quartz Scheduler [RenrenScheduler]] o.springframework.scheduling.quartz.LocalDataSourceJobStore [JobStoreSupport.java : 3488] ClusterManager: Scanning for instance "DESKTOP-8V6KU1U1573700515803"'s failed in-progress jobs.
2019-11-14 11:10:18,333 [INFO] [Quartz Scheduler [RenrenScheduler]] org.quartz.core.QuartzScheduler [QuartzScheduler.java : 547] Scheduler RenrenScheduler_$_DESKTOP-8V6KU1U1573700980461 started.
2019-11-14 11:10:18,340 [INFO] [QuartzScheduler_RenrenScheduler-DESKTOP-8V6KU1U1573700980461_MisfireHandler] o.springframework.scheduling.quartz.LocalDataSourceJobStore [JobStoreSupport.java : 973] Handling 1 trigger(s) that missed their scheduled fire-time.
2019-11-14 11:16:30,494 [DEBUG] [main] io.renren.modules.sjflyjs.dao.ShLegalOpinionDao.updateById [BaseJdbcLogger.java : 159] ==>  Preparing: UPDATE sh_legal_opinion SET fv_file_name=?, fv_lower_firm=?, fv_company_name=?, fv_charge_person=?, fv_lower1=?, fv_lower2=?, fv_lower3=?, fv_lower4=?, fv_date=?, fv_type=? WHERE id=? 
2019-11-14 11:16:30,496 [DEBUG] [main] io.renren.modules.sjflyjs.dao.ShLegalOpinionDao.updateById [BaseJdbcLogger.java : 159] ==> Parameters: 宁波热电：国浩律师（杭州）事务所关于宁波热电限制性股票激励计划之法律意见书(String), 国浩律师（杭州）事务所(String), 宁波热电股份有限公司(String), 颜华荣(String), 李燕(String), 汪琛(String), 汪(String), 琛(String), 2019-11-07(String), 上交(String), 319419(Long)
2019-11-14 11:16:30,499 [DEBUG] [main] io.renren.modules.sjflyjs.dao.ShLegalOpinionDao.updateById [BaseJdbcLogger.java : 159] <==    Updates: 1
2019-11-14 11:16:30,542 [INFO] [Thread-3] org.quartz.core.QuartzScheduler [QuartzScheduler.java : 585] Scheduler RenrenScheduler_$_DESKTOP-8V6KU1U1573700980461 paused.
2019-11-14 11:16:30,565 [INFO] [Thread-3] org.quartz.core.QuartzScheduler [QuartzScheduler.java : 666] Scheduler RenrenScheduler_$_DESKTOP-8V6KU1U1573700980461 shutting down.
2019-11-14 11:16:30,565 [INFO] [Thread-3] org.quartz.core.QuartzScheduler [QuartzScheduler.java : 585] Scheduler RenrenScheduler_$_DESKTOP-8V6KU1U1573700980461 paused.
2019-11-14 11:16:30,901 [INFO] [Thread-3] org.quartz.core.QuartzScheduler [QuartzScheduler.java : 740] Scheduler RenrenScheduler_$_DESKTOP-8V6KU1U1573700980461 shutdown complete.
2019-11-14 11:16:30,955 [INFO] [Thread-3] com.alibaba.druid.pool.DruidDataSource [DruidDataSource.java : 1825] {dataSource-1} closed
2019-11-14 11:16:44,054 [INFO] [main] o.s.data.repository.config.RepositoryConfigurationDelegate [RepositoryConfigurationDelegate.java : 163] Multiple Spring Data modules found, entering strict repository configuration mode!
2019-11-14 11:16:47,190 [INFO] [main] com.alibaba.druid.pool.DruidDataSource [DruidDataSource.java : 930] {dataSource-1} inited
2019-11-14 11:16:54,373 [WARN] [main] com.baomidou.mybatisplus.toolkit.TableInfoHelper [TableInfoHelper.java : 188] Warn: Could not find @TableId in Class: io.renren.modules.gkzr.entity.GkzrEntity.
2019-11-14 11:16:54,374 [WARN] [main] com.baomidou.mybatisplus.mapper.AutoSqlInjector [AutoSqlInjector.java : 147] class io.renren.modules.gkzr.entity.GkzrEntity ,Not found @TableId annotation, Cannot use Mybatis-Plus 'xxById' Method.
2019-11-14 11:16:54,808 [INFO] [main] org.quartz.impl.StdSchedulerFactory [StdSchedulerFactory.java : 1208] Using default implementation for ThreadExecutor
2019-11-14 11:16:54,860 [INFO] [main] org.quartz.core.SchedulerSignalerImpl [SchedulerSignalerImpl.java : 61] Initialized Scheduler Signaller of type: class org.quartz.core.SchedulerSignalerImpl
2019-11-14 11:16:54,861 [INFO] [main] org.quartz.core.QuartzScheduler [QuartzScheduler.java : 229] Quartz Scheduler v.2.3.0 created.
2019-11-14 11:16:54,874 [INFO] [main] o.springframework.scheduling.quartz.LocalDataSourceJobStore [JobStoreSupport.java : 672] Using db table-based data access locking (synchronization).
2019-11-14 11:16:54,880 [INFO] [main] o.springframework.scheduling.quartz.LocalDataSourceJobStore [JobStoreCMT.java : 145] JobStoreCMT initialized.
2019-11-14 11:16:54,886 [INFO] [main] org.quartz.core.QuartzScheduler [QuartzScheduler.java : 294] Scheduler meta-data: Quartz Scheduler (v2.3.0) 'RenrenScheduler' with instanceId 'DESKTOP-8V6KU1U1573701414816'
  Scheduler class: 'org.quartz.core.QuartzScheduler' - running locally.
  NOT STARTED.
  Currently in standby mode.
  Number of jobs executed: 0
  Using thread pool 'org.quartz.simpl.SimpleThreadPool' - with 20 threads.
  Using job-store 'org.springframework.scheduling.quartz.LocalDataSourceJobStore' - which supports persistence. and is clustered.

2019-11-14 11:16:54,888 [INFO] [main] org.quartz.impl.StdSchedulerFactory [StdSchedulerFactory.java : 1362] Quartz scheduler 'RenrenScheduler' initialized from an externally provided properties instance.
2019-11-14 11:16:54,889 [INFO] [main] org.quartz.impl.StdSchedulerFactory [StdSchedulerFactory.java : 1366] Quartz scheduler version: 2.3.0
2019-11-14 11:16:54,895 [INFO] [main] org.quartz.core.QuartzScheduler [QuartzScheduler.java : 2287] JobFactory set to: org.springframework.scheduling.quartz.AdaptableJobFactory@78d61f17
2019-11-14 11:16:55,143 [DEBUG] [main] io.renren.modules.job.dao.ScheduleJobDao.selectList [BaseJdbcLogger.java : 159] ==>  Preparing: SELECT job_id AS jobId,bean_name AS beanName,method_name AS methodName,params,cron_expression AS cronExpression,`status`,remark,create_time AS createTime FROM schedule_job 
2019-11-14 11:16:55,197 [DEBUG] [main] io.renren.modules.job.dao.ScheduleJobDao.selectList [BaseJdbcLogger.java : 159] ==> Parameters: 
2019-11-14 11:16:55,238 [DEBUG] [main] io.renren.modules.job.dao.ScheduleJobDao.selectList [BaseJdbcLogger.java : 159] <==      Total: 2
2019-11-14 11:17:04,413 [INFO] [main] s.d.spring.web.plugins.DocumentationPluginsBootstrapper [DocumentationPluginsBootstrapper.java : 147] Context refreshed
2019-11-14 11:17:04,468 [INFO] [main] s.d.spring.web.plugins.DocumentationPluginsBootstrapper [DocumentationPluginsBootstrapper.java : 150] Found 1 custom documentation plugin(s)
2019-11-14 11:17:04,604 [INFO] [main] s.d.spring.web.scanners.ApiListingReferenceScanner [ApiListingReferenceScanner.java : 41] Scanning for api listing references
2019-11-14 11:17:05,208 [DEBUG] [main] io.renren.modules.sjflyjs.dao.ShLegalOpinionDao.selectList [BaseJdbcLogger.java : 159] ==>  Preparing: SELECT id AS id,fv_file_name AS fvFileName,fv_file_title AS fvFileTitle,fv_lower_firm AS fvLowerFirm,fv_company_name_new AS fvCompanyNameNew,fv_company_name AS fvCompanyName,fv_lower_firm_new AS fvLowerFirmNew,fv_charge_person AS fvChargePerson,fv_lower1 AS fvLower1,fv_lower2 AS fvLower2,fv_lower3 AS fvLower3,fv_lower4 AS fvLower4,fv_lower5 AS fvLower5,fv_authorizer AS fvAuthorizer,fv_date AS fvDate,fv_type AS fvType FROM sh_legal_opinion 
2019-11-14 11:17:05,209 [DEBUG] [main] io.renren.modules.sjflyjs.dao.ShLegalOpinionDao.selectList [BaseJdbcLogger.java : 159] ==> Parameters: 
2019-11-14 11:17:05,486 [DEBUG] [main] io.renren.modules.sjflyjs.dao.ShLegalOpinionDao.selectList [BaseJdbcLogger.java : 159] <==      Total: 2754
2019-11-14 11:17:34,713 [INFO] [Quartz Scheduler [RenrenScheduler]] o.springframework.scheduling.quartz.LocalDataSourceJobStore [JobStoreSupport.java : 3629] ClusterManager: detected 1 failed or restarted instances.
2019-11-14 11:17:34,715 [INFO] [Quartz Scheduler [RenrenScheduler]] o.springframework.scheduling.quartz.LocalDataSourceJobStore [JobStoreSupport.java : 3488] ClusterManager: Scanning for instance "DESKTOP-8V6KU1U1573700980461"'s failed in-progress jobs.
2019-11-14 11:17:34,860 [INFO] [Quartz Scheduler [RenrenScheduler]] org.quartz.core.QuartzScheduler [QuartzScheduler.java : 547] Scheduler RenrenScheduler_$_DESKTOP-8V6KU1U1573701414816 started.
2019-11-14 11:17:34,867 [INFO] [QuartzScheduler_RenrenScheduler-DESKTOP-8V6KU1U1573701414816_MisfireHandler] o.springframework.scheduling.quartz.LocalDataSourceJobStore [JobStoreSupport.java : 973] Handling 1 trigger(s) that missed their scheduled fire-time.
2019-11-14 11:23:54,387 [DEBUG] [main] io.renren.modules.sjflyjs.dao.ShLegalOpinionDao.updateById [BaseJdbcLogger.java : 159] ==>  Preparing: UPDATE sh_legal_opinion SET fv_file_name=?, fv_lower_firm=?, fv_company_name=?, fv_charge_person=?, fv_lower1=?, fv_lower2=?, fv_lower3=?, fv_lower4=?, fv_date=?, fv_type=? WHERE id=? 
2019-11-14 11:23:54,390 [DEBUG] [main] io.renren.modules.sjflyjs.dao.ShLegalOpinionDao.updateById [BaseJdbcLogger.java : 159] ==> Parameters: 宁波热电：国浩律师（杭州）事务所关于宁波热电限制性股票激励计划之法律意见书(String), 国浩律师（杭州）事务所(String), 宁波热电股份有限公司(String), 颜华荣(String), 李燕(String), 汪琛(String), 汪(String), 琛(String), 2019-11-07(String), 上交(String), 319419(Long)
2019-11-14 11:23:54,395 [DEBUG] [main] io.renren.modules.sjflyjs.dao.ShLegalOpinionDao.updateById [BaseJdbcLogger.java : 159] <==    Updates: 1
2019-11-14 11:23:54,456 [INFO] [Thread-3] org.quartz.core.QuartzScheduler [QuartzScheduler.java : 585] Scheduler RenrenScheduler_$_DESKTOP-8V6KU1U1573701414816 paused.
2019-11-14 11:23:54,465 [INFO] [Thread-3] org.quartz.core.QuartzScheduler [QuartzScheduler.java : 666] Scheduler RenrenScheduler_$_DESKTOP-8V6KU1U1573701414816 shutting down.
2019-11-14 11:23:54,466 [INFO] [Thread-3] org.quartz.core.QuartzScheduler [QuartzScheduler.java : 585] Scheduler RenrenScheduler_$_DESKTOP-8V6KU1U1573701414816 paused.
2019-11-14 11:23:54,578 [INFO] [Thread-3] org.quartz.core.QuartzScheduler [QuartzScheduler.java : 740] Scheduler RenrenScheduler_$_DESKTOP-8V6KU1U1573701414816 shutdown complete.
2019-11-14 11:23:54,763 [INFO] [Thread-3] com.alibaba.druid.pool.DruidDataSource [DruidDataSource.java : 1825] {dataSource-1} closed
2019-11-14 11:24:10,232 [INFO] [main] o.s.data.repository.config.RepositoryConfigurationDelegate [RepositoryConfigurationDelegate.java : 163] Multiple Spring Data modules found, entering strict repository configuration mode!
2019-11-14 11:24:13,347 [INFO] [main] com.alibaba.druid.pool.DruidDataSource [DruidDataSource.java : 930] {dataSource-1} inited
2019-11-14 11:24:20,598 [WARN] [main] com.baomidou.mybatisplus.toolkit.TableInfoHelper [TableInfoHelper.java : 188] Warn: Could not find @TableId in Class: io.renren.modules.gkzr.entity.GkzrEntity.
2019-11-14 11:24:20,599 [WARN] [main] com.baomidou.mybatisplus.mapper.AutoSqlInjector [AutoSqlInjector.java : 147] class io.renren.modules.gkzr.entity.GkzrEntity ,Not found @TableId annotation, Cannot use Mybatis-Plus 'xxById' Method.
2019-11-14 11:24:21,161 [INFO] [main] org.quartz.impl.StdSchedulerFactory [StdSchedulerFactory.java : 1208] Using default implementation for ThreadExecutor
2019-11-14 11:24:21,212 [INFO] [main] org.quartz.core.SchedulerSignalerImpl [SchedulerSignalerImpl.java : 61] Initialized Scheduler Signaller of type: class org.quartz.core.SchedulerSignalerImpl
2019-11-14 11:24:21,213 [INFO] [main] org.quartz.core.QuartzScheduler [QuartzScheduler.java : 229] Quartz Scheduler v.2.3.0 created.
2019-11-14 11:24:21,225 [INFO] [main] o.springframework.scheduling.quartz.LocalDataSourceJobStore [JobStoreSupport.java : 672] Using db table-based data access locking (synchronization).
2019-11-14 11:24:21,232 [INFO] [main] o.springframework.scheduling.quartz.LocalDataSourceJobStore [JobStoreCMT.java : 145] JobStoreCMT initialized.
2019-11-14 11:24:21,236 [INFO] [main] org.quartz.core.QuartzScheduler [QuartzScheduler.java : 294] Scheduler meta-data: Quartz Scheduler (v2.3.0) 'RenrenScheduler' with instanceId 'DESKTOP-8V6KU1U1573701861178'
  Scheduler class: 'org.quartz.core.QuartzScheduler' - running locally.
  NOT STARTED.
  Currently in standby mode.
  Number of jobs executed: 0
  Using thread pool 'org.quartz.simpl.SimpleThreadPool' - with 20 threads.
  Using job-store 'org.springframework.scheduling.quartz.LocalDataSourceJobStore' - which supports persistence. and is clustered.

2019-11-14 11:24:21,240 [INFO] [main] org.quartz.impl.StdSchedulerFactory [StdSchedulerFactory.java : 1362] Quartz scheduler 'RenrenScheduler' initialized from an externally provided properties instance.
2019-11-14 11:24:21,241 [INFO] [main] org.quartz.impl.StdSchedulerFactory [StdSchedulerFactory.java : 1366] Quartz scheduler version: 2.3.0
2019-11-14 11:24:21,253 [INFO] [main] org.quartz.core.QuartzScheduler [QuartzScheduler.java : 2287] JobFactory set to: org.springframework.scheduling.quartz.AdaptableJobFactory@4c9ef9c9
2019-11-14 11:24:21,504 [DEBUG] [main] io.renren.modules.job.dao.ScheduleJobDao.selectList [BaseJdbcLogger.java : 159] ==>  Preparing: SELECT job_id AS jobId,bean_name AS beanName,method_name AS methodName,params,cron_expression AS cronExpression,`status`,remark,create_time AS createTime FROM schedule_job 
2019-11-14 11:24:21,560 [DEBUG] [main] io.renren.modules.job.dao.ScheduleJobDao.selectList [BaseJdbcLogger.java : 159] ==> Parameters: 
2019-11-14 11:24:21,608 [DEBUG] [main] io.renren.modules.job.dao.ScheduleJobDao.selectList [BaseJdbcLogger.java : 159] <==      Total: 2
2019-11-14 11:24:29,228 [INFO] [main] s.d.spring.web.plugins.DocumentationPluginsBootstrapper [DocumentationPluginsBootstrapper.java : 147] Context refreshed
2019-11-14 11:24:29,268 [INFO] [main] s.d.spring.web.plugins.DocumentationPluginsBootstrapper [DocumentationPluginsBootstrapper.java : 150] Found 1 custom documentation plugin(s)
2019-11-14 11:24:29,355 [INFO] [main] s.d.spring.web.scanners.ApiListingReferenceScanner [ApiListingReferenceScanner.java : 41] Scanning for api listing references
2019-11-14 11:24:29,665 [DEBUG] [main] io.renren.modules.sjflyjs.dao.ShLegalOpinionDao.selectList [BaseJdbcLogger.java : 159] ==>  Preparing: SELECT id AS id,fv_file_name AS fvFileName,fv_file_title AS fvFileTitle,fv_lower_firm AS fvLowerFirm,fv_company_name_new AS fvCompanyNameNew,fv_company_name AS fvCompanyName,fv_lower_firm_new AS fvLowerFirmNew,fv_charge_person AS fvChargePerson,fv_lower1 AS fvLower1,fv_lower2 AS fvLower2,fv_lower3 AS fvLower3,fv_lower4 AS fvLower4,fv_lower5 AS fvLower5,fv_authorizer AS fvAuthorizer,fv_date AS fvDate,fv_type AS fvType FROM sh_legal_opinion 
2019-11-14 11:24:29,666 [DEBUG] [main] io.renren.modules.sjflyjs.dao.ShLegalOpinionDao.selectList [BaseJdbcLogger.java : 159] ==> Parameters: 
2019-11-14 11:24:29,898 [DEBUG] [main] io.renren.modules.sjflyjs.dao.ShLegalOpinionDao.selectList [BaseJdbcLogger.java : 159] <==      Total: 2754
2019-11-14 11:25:09,452 [INFO] [Quartz Scheduler [RenrenScheduler]] o.springframework.scheduling.quartz.LocalDataSourceJobStore [JobStoreSupport.java : 3629] ClusterManager: detected 1 failed or restarted instances.
2019-11-14 11:25:09,454 [INFO] [Quartz Scheduler [RenrenScheduler]] o.springframework.scheduling.quartz.LocalDataSourceJobStore [JobStoreSupport.java : 3488] ClusterManager: Scanning for instance "DESKTOP-8V6KU1U1573701414816"'s failed in-progress jobs.
2019-11-14 11:25:09,555 [INFO] [Quartz Scheduler [RenrenScheduler]] org.quartz.core.QuartzScheduler [QuartzScheduler.java : 547] Scheduler RenrenScheduler_$_DESKTOP-8V6KU1U1573701861178 started.
2019-11-14 11:25:09,562 [INFO] [QuartzScheduler_RenrenScheduler-DESKTOP-8V6KU1U1573701861178_MisfireHandler] o.springframework.scheduling.quartz.LocalDataSourceJobStore [JobStoreSupport.java : 973] Handling 1 trigger(s) that missed their scheduled fire-time.
2019-11-14 11:27:13,509 [INFO] [Thread-3] org.quartz.core.QuartzScheduler [QuartzScheduler.java : 585] Scheduler RenrenScheduler_$_DESKTOP-8V6KU1U1573701861178 paused.
2019-11-14 11:27:13,520 [INFO] [Thread-3] org.quartz.core.QuartzScheduler [QuartzScheduler.java : 666] Scheduler RenrenScheduler_$_DESKTOP-8V6KU1U1573701861178 shutting down.
2019-11-14 11:27:13,521 [INFO] [Thread-3] org.quartz.core.QuartzScheduler [QuartzScheduler.java : 585] Scheduler RenrenScheduler_$_DESKTOP-8V6KU1U1573701861178 paused.
2019-11-14 11:27:13,525 [INFO] [Thread-3] org.quartz.core.QuartzScheduler [QuartzScheduler.java : 740] Scheduler RenrenScheduler_$_DESKTOP-8V6KU1U1573701861178 shutdown complete.
2019-11-14 11:27:13,602 [INFO] [Thread-3] com.alibaba.druid.pool.DruidDataSource [DruidDataSource.java : 1825] {dataSource-1} closed
2019-11-14 11:27:29,946 [INFO] [main] o.s.data.repository.config.RepositoryConfigurationDelegate [RepositoryConfigurationDelegate.java : 163] Multiple Spring Data modules found, entering strict repository configuration mode!
2019-11-14 11:27:33,126 [INFO] [main] com.alibaba.druid.pool.DruidDataSource [DruidDataSource.java : 930] {dataSource-1} inited
2019-11-14 11:27:40,293 [WARN] [main] com.baomidou.mybatisplus.toolkit.TableInfoHelper [TableInfoHelper.java : 188] Warn: Could not find @TableId in Class: io.renren.modules.gkzr.entity.GkzrEntity.
2019-11-14 11:27:40,294 [WARN] [main] com.baomidou.mybatisplus.mapper.AutoSqlInjector [AutoSqlInjector.java : 147] class io.renren.modules.gkzr.entity.GkzrEntity ,Not found @TableId annotation, Cannot use Mybatis-Plus 'xxById' Method.
2019-11-14 11:27:40,758 [INFO] [main] org.quartz.impl.StdSchedulerFactory [StdSchedulerFactory.java : 1208] Using default implementation for ThreadExecutor
2019-11-14 11:27:40,796 [INFO] [main] org.quartz.core.SchedulerSignalerImpl [SchedulerSignalerImpl.java : 61] Initialized Scheduler Signaller of type: class org.quartz.core.SchedulerSignalerImpl
2019-11-14 11:27:40,797 [INFO] [main] org.quartz.core.QuartzScheduler [QuartzScheduler.java : 229] Quartz Scheduler v.2.3.0 created.
2019-11-14 11:27:40,806 [INFO] [main] o.springframework.scheduling.quartz.LocalDataSourceJobStore [JobStoreSupport.java : 672] Using db table-based data access locking (synchronization).
2019-11-14 11:27:40,812 [INFO] [main] o.springframework.scheduling.quartz.LocalDataSourceJobStore [JobStoreCMT.java : 145] JobStoreCMT initialized.
2019-11-14 11:27:40,814 [INFO] [main] org.quartz.core.QuartzScheduler [QuartzScheduler.java : 294] Scheduler meta-data: Quartz Scheduler (v2.3.0) 'RenrenScheduler' with instanceId 'DESKTOP-8V6KU1U1573702060764'
  Scheduler class: 'org.quartz.core.QuartzScheduler' - running locally.
  NOT STARTED.
  Currently in standby mode.
  Number of jobs executed: 0
  Using thread pool 'org.quartz.simpl.SimpleThreadPool' - with 20 threads.
  Using job-store 'org.springframework.scheduling.quartz.LocalDataSourceJobStore' - which supports persistence. and is clustered.

2019-11-14 11:27:40,818 [INFO] [main] org.quartz.impl.StdSchedulerFactory [StdSchedulerFactory.java : 1362] Quartz scheduler 'RenrenScheduler' initialized from an externally provided properties instance.
2019-11-14 11:27:40,819 [INFO] [main] org.quartz.impl.StdSchedulerFactory [StdSchedulerFactory.java : 1366] Quartz scheduler version: 2.3.0
2019-11-14 11:27:40,825 [INFO] [main] org.quartz.core.QuartzScheduler [QuartzScheduler.java : 2287] JobFactory set to: org.springframework.scheduling.quartz.AdaptableJobFactory@e4ef4c0
2019-11-14 11:27:41,006 [DEBUG] [main] io.renren.modules.job.dao.ScheduleJobDao.selectList [BaseJdbcLogger.java : 159] ==>  Preparing: SELECT job_id AS jobId,bean_name AS beanName,method_name AS methodName,params,cron_expression AS cronExpression,`status`,remark,create_time AS createTime FROM schedule_job 
2019-11-14 11:27:41,057 [DEBUG] [main] io.renren.modules.job.dao.ScheduleJobDao.selectList [BaseJdbcLogger.java : 159] ==> Parameters: 
2019-11-14 11:27:41,149 [DEBUG] [main] io.renren.modules.job.dao.ScheduleJobDao.selectList [BaseJdbcLogger.java : 159] <==      Total: 2
2019-11-14 11:27:49,128 [INFO] [main] s.d.spring.web.plugins.DocumentationPluginsBootstrapper [DocumentationPluginsBootstrapper.java : 147] Context refreshed
2019-11-14 11:27:49,212 [INFO] [main] s.d.spring.web.plugins.DocumentationPluginsBootstrapper [DocumentationPluginsBootstrapper.java : 150] Found 1 custom documentation plugin(s)
2019-11-14 11:27:49,387 [INFO] [main] s.d.spring.web.scanners.ApiListingReferenceScanner [ApiListingReferenceScanner.java : 41] Scanning for api listing references
2019-11-14 11:27:49,907 [DEBUG] [main] io.renren.modules.sjflyjs.dao.ShLegalOpinionDao.selectList [BaseJdbcLogger.java : 159] ==>  Preparing: SELECT id AS id,fv_file_name AS fvFileName,fv_file_title AS fvFileTitle,fv_lower_firm AS fvLowerFirm,fv_company_name_new AS fvCompanyNameNew,fv_company_name AS fvCompanyName,fv_lower_firm_new AS fvLowerFirmNew,fv_charge_person AS fvChargePerson,fv_lower1 AS fvLower1,fv_lower2 AS fvLower2,fv_lower3 AS fvLower3,fv_lower4 AS fvLower4,fv_lower5 AS fvLower5,fv_authorizer AS fvAuthorizer,fv_date AS fvDate,fv_type AS fvType FROM sh_legal_opinion 
2019-11-14 11:27:49,908 [DEBUG] [main] io.renren.modules.sjflyjs.dao.ShLegalOpinionDao.selectList [BaseJdbcLogger.java : 159] ==> Parameters: 
2019-11-14 11:27:50,065 [DEBUG] [main] io.renren.modules.sjflyjs.dao.ShLegalOpinionDao.selectList [BaseJdbcLogger.java : 159] <==      Total: 2754
2019-11-14 11:28:19,518 [INFO] [Quartz Scheduler [RenrenScheduler]] o.springframework.scheduling.quartz.LocalDataSourceJobStore [JobStoreSupport.java : 3629] ClusterManager: detected 1 failed or restarted instances.
2019-11-14 11:28:19,521 [INFO] [Quartz Scheduler [RenrenScheduler]] o.springframework.scheduling.quartz.LocalDataSourceJobStore [JobStoreSupport.java : 3488] ClusterManager: Scanning for instance "DESKTOP-8V6KU1U1573701861178"'s failed in-progress jobs.
2019-11-14 11:28:19,568 [INFO] [Quartz Scheduler [RenrenScheduler]] org.quartz.core.QuartzScheduler [QuartzScheduler.java : 547] Scheduler RenrenScheduler_$_DESKTOP-8V6KU1U1573702060764 started.
2019-11-14 11:28:19,574 [INFO] [QuartzScheduler_RenrenScheduler-DESKTOP-8V6KU1U1573702060764_MisfireHandler] o.springframework.scheduling.quartz.LocalDataSourceJobStore [JobStoreSupport.java : 973] Handling 1 trigger(s) that missed their scheduled fire-time.
2019-11-14 11:30:00,127 [INFO] [RenrenScheduler_Worker-1] io.renren.modules.job.utils.ScheduleJob [ScheduleJob.java : 67] 任务准备执行，任务ID：1
2019-11-14 11:30:00,137 [INFO] [pool-1-thread-1] io.renren.modules.job.task.TestTask [TestTask.java : 43] 我是带参数的test方法，正在被执行，参数为：renren
2019-11-14 11:30:01,167 [DEBUG] [pool-1-thread-1] io.renren.modules.sys.dao.SysUserDao.selectById [BaseJdbcLogger.java : 159] ==>  Preparing: SELECT user_id AS userId,username,`password`,salt,email,mobile,`status`,create_time AS createTime,dept_id AS deptId FROM sys_user WHERE user_id=? 
2019-11-14 11:30:01,168 [DEBUG] [pool-1-thread-1] io.renren.modules.sys.dao.SysUserDao.selectById [BaseJdbcLogger.java : 159] ==> Parameters: 1(Long)
2019-11-14 11:30:01,195 [DEBUG] [pool-1-thread-1] io.renren.modules.sys.dao.SysUserDao.selectById [BaseJdbcLogger.java : 159] <==      Total: 1
2019-11-14 11:30:01,217 [INFO] [RenrenScheduler_Worker-1] io.renren.modules.job.utils.ScheduleJob [ScheduleJob.java : 80] 任务执行完毕，任务ID：1  总共耗时：1090毫秒
2019-11-14 11:30:01,266 [DEBUG] [RenrenScheduler_Worker-1] io.renren.modules.job.dao.ScheduleJobLogDao.insert [BaseJdbcLogger.java : 159] ==>  Preparing: INSERT INTO schedule_job_log ( job_id, bean_name, method_name, params, `status`, times, create_time ) VALUES ( ?, ?, ?, ?, ?, ?, ? ) 
2019-11-14 11:30:01,269 [DEBUG] [RenrenScheduler_Worker-1] io.renren.modules.job.dao.ScheduleJobLogDao.insert [BaseJdbcLogger.java : 159] ==> Parameters: 1(Long), testTask(String), test(String), renren(String), 0(Integer), 1090(Integer), 2019-11-14 11:30:00.127(Timestamp)
2019-11-14 11:30:01,272 [DEBUG] [RenrenScheduler_Worker-1] io.renren.modules.job.dao.ScheduleJobLogDao.insert [BaseJdbcLogger.java : 159] <==    Updates: 1
2019-11-14 11:32:30,153 [INFO] [Thread-3] org.quartz.core.QuartzScheduler [QuartzScheduler.java : 585] Scheduler RenrenScheduler_$_DESKTOP-8V6KU1U1573702060764 paused.
2019-11-14 11:32:30,173 [INFO] [Thread-3] org.quartz.core.QuartzScheduler [QuartzScheduler.java : 666] Scheduler RenrenScheduler_$_DESKTOP-8V6KU1U1573702060764 shutting down.
2019-11-14 11:32:30,177 [INFO] [Thread-3] org.quartz.core.QuartzScheduler [QuartzScheduler.java : 585] Scheduler RenrenScheduler_$_DESKTOP-8V6KU1U1573702060764 paused.
2019-11-14 11:32:30,180 [INFO] [Thread-3] org.quartz.core.QuartzScheduler [QuartzScheduler.java : 740] Scheduler RenrenScheduler_$_DESKTOP-8V6KU1U1573702060764 shutdown complete.
2019-11-14 11:32:30,237 [INFO] [Thread-3] com.alibaba.druid.pool.DruidDataSource [DruidDataSource.java : 1825] {dataSource-1} closed
2019-11-14 11:32:45,127 [INFO] [main] o.s.data.repository.config.RepositoryConfigurationDelegate [RepositoryConfigurationDelegate.java : 163] Multiple Spring Data modules found, entering strict repository configuration mode!
2019-11-14 11:32:47,913 [INFO] [main] com.alibaba.druid.pool.DruidDataSource [DruidDataSource.java : 930] {dataSource-1} inited
2019-11-14 11:32:54,211 [WARN] [main] com.baomidou.mybatisplus.toolkit.TableInfoHelper [TableInfoHelper.java : 188] Warn: Could not find @TableId in Class: io.renren.modules.gkzr.entity.GkzrEntity.
2019-11-14 11:32:54,212 [WARN] [main] com.baomidou.mybatisplus.mapper.AutoSqlInjector [AutoSqlInjector.java : 147] class io.renren.modules.gkzr.entity.GkzrEntity ,Not found @TableId annotation, Cannot use Mybatis-Plus 'xxById' Method.
2019-11-14 11:32:54,470 [INFO] [main] org.quartz.impl.StdSchedulerFactory [StdSchedulerFactory.java : 1208] Using default implementation for ThreadExecutor
2019-11-14 11:32:54,504 [INFO] [main] org.quartz.core.SchedulerSignalerImpl [SchedulerSignalerImpl.java : 61] Initialized Scheduler Signaller of type: class org.quartz.core.SchedulerSignalerImpl
2019-11-14 11:32:54,505 [INFO] [main] org.quartz.core.QuartzScheduler [QuartzScheduler.java : 229] Quartz Scheduler v.2.3.0 created.
2019-11-14 11:32:54,512 [INFO] [main] o.springframework.scheduling.quartz.LocalDataSourceJobStore [JobStoreSupport.java : 672] Using db table-based data access locking (synchronization).
2019-11-14 11:32:54,517 [INFO] [main] o.springframework.scheduling.quartz.LocalDataSourceJobStore [JobStoreCMT.java : 145] JobStoreCMT initialized.
2019-11-14 11:32:54,519 [INFO] [main] org.quartz.core.QuartzScheduler [QuartzScheduler.java : 294] Scheduler meta-data: Quartz Scheduler (v2.3.0) 'RenrenScheduler' with instanceId 'DESKTOP-8V6KU1U1573702374474'
  Scheduler class: 'org.quartz.core.QuartzScheduler' - running locally.
  NOT STARTED.
  Currently in standby mode.
  Number of jobs executed: 0
  Using thread pool 'org.quartz.simpl.SimpleThreadPool' - with 20 threads.
  Using job-store 'org.springframework.scheduling.quartz.LocalDataSourceJobStore' - which supports persistence. and is clustered.

2019-11-14 11:32:54,520 [INFO] [main] org.quartz.impl.StdSchedulerFactory [StdSchedulerFactory.java : 1362] Quartz scheduler 'RenrenScheduler' initialized from an externally provided properties instance.
2019-11-14 11:32:54,520 [INFO] [main] org.quartz.impl.StdSchedulerFactory [StdSchedulerFactory.java : 1366] Quartz scheduler version: 2.3.0
2019-11-14 11:32:54,523 [INFO] [main] org.quartz.core.QuartzScheduler [QuartzScheduler.java : 2287] JobFactory set to: org.springframework.scheduling.quartz.AdaptableJobFactory@796fe2b5
2019-11-14 11:32:54,659 [DEBUG] [main] io.renren.modules.job.dao.ScheduleJobDao.selectList [BaseJdbcLogger.java : 159] ==>  Preparing: SELECT job_id AS jobId,bean_name AS beanName,method_name AS methodName,params,cron_expression AS cronExpression,`status`,remark,create_time AS createTime FROM schedule_job 
2019-11-14 11:32:54,724 [DEBUG] [main] io.renren.modules.job.dao.ScheduleJobDao.selectList [BaseJdbcLogger.java : 159] ==> Parameters: 
2019-11-14 11:32:54,799 [DEBUG] [main] io.renren.modules.job.dao.ScheduleJobDao.selectList [BaseJdbcLogger.java : 159] <==      Total: 2
2019-11-14 11:33:02,394 [INFO] [main] s.d.spring.web.plugins.DocumentationPluginsBootstrapper [DocumentationPluginsBootstrapper.java : 147] Context refreshed
2019-11-14 11:33:02,435 [INFO] [main] s.d.spring.web.plugins.DocumentationPluginsBootstrapper [DocumentationPluginsBootstrapper.java : 150] Found 1 custom documentation plugin(s)
2019-11-14 11:33:02,522 [INFO] [main] s.d.spring.web.scanners.ApiListingReferenceScanner [ApiListingReferenceScanner.java : 41] Scanning for api listing references
2019-11-14 11:33:02,936 [DEBUG] [main] io.renren.modules.sjflyjs.dao.ShLegalOpinionDao.selectList [BaseJdbcLogger.java : 159] ==>  Preparing: SELECT id AS id,fv_file_name AS fvFileName,fv_file_title AS fvFileTitle,fv_lower_firm AS fvLowerFirm,fv_company_name_new AS fvCompanyNameNew,fv_company_name AS fvCompanyName,fv_lower_firm_new AS fvLowerFirmNew,fv_charge_person AS fvChargePerson,fv_lower1 AS fvLower1,fv_lower2 AS fvLower2,fv_lower3 AS fvLower3,fv_lower4 AS fvLower4,fv_lower5 AS fvLower5,fv_authorizer AS fvAuthorizer,fv_date AS fvDate,fv_type AS fvType FROM sh_legal_opinion 
2019-11-14 11:33:02,938 [DEBUG] [main] io.renren.modules.sjflyjs.dao.ShLegalOpinionDao.selectList [BaseJdbcLogger.java : 159] ==> Parameters: 
2019-11-14 11:33:03,074 [DEBUG] [main] io.renren.modules.sjflyjs.dao.ShLegalOpinionDao.selectList [BaseJdbcLogger.java : 159] <==      Total: 2754
2019-11-14 11:33:32,568 [INFO] [Quartz Scheduler [RenrenScheduler]] o.springframework.scheduling.quartz.LocalDataSourceJobStore [JobStoreSupport.java : 3629] ClusterManager: detected 1 failed or restarted instances.
2019-11-14 11:33:32,571 [INFO] [Quartz Scheduler [RenrenScheduler]] o.springframework.scheduling.quartz.LocalDataSourceJobStore [JobStoreSupport.java : 3488] ClusterManager: Scanning for instance "DESKTOP-8V6KU1U1573702060764"'s failed in-progress jobs.
2019-11-14 11:33:32,673 [INFO] [Quartz Scheduler [RenrenScheduler]] org.quartz.core.QuartzScheduler [QuartzScheduler.java : 547] Scheduler RenrenScheduler_$_DESKTOP-8V6KU1U1573702374474 started.
2019-11-14 11:33:32,683 [INFO] [QuartzScheduler_RenrenScheduler-DESKTOP-8V6KU1U1573702374474_MisfireHandler] o.springframework.scheduling.quartz.LocalDataSourceJobStore [JobStoreSupport.java : 973] Handling 1 trigger(s) that missed their scheduled fire-time.
2019-11-14 11:39:36,334 [ERROR] [QuartzScheduler_RenrenScheduler-DESKTOP-8V6KU1U1573702374474_MisfireHandler] com.alibaba.druid.filter.stat.StatFilter [StatFilter.java : 478] slow sql 1315 millis. SELECT COUNT(TRIGGER_NAME) FROM QRTZ_TRIGGERS WHERE SCHED_NAME = 'RenrenScheduler' AND NOT (MISFIRE_INSTR = -1) AND NEXT_FIRE_TIME < ? AND TRIGGER_STATE = ?[1573702761734,"WAITING"]
2019-11-14 11:39:52,246 [ERROR] [QuartzScheduler_RenrenScheduler-DESKTOP-8V6KU1U1573702374474_ClusterManager] com.alibaba.druid.filter.stat.StatFilter [StatFilter.java : 478] slow sql 1594 millis. UPDATE QRTZ_SCHEDULER_STATE SET LAST_CHECKIN_TIME = ? WHERE SCHED_NAME = 'RenrenScheduler' AND INSTANCE_NAME = ?[1573702790648,"DESKTOP-8V6KU1U1573702374474"]
2019-11-14 11:39:55,211 [DEBUG] [main] io.renren.modules.sjflyjs.dao.ShLegalOpinionDao.updateById [BaseJdbcLogger.java : 159] ==>  Preparing: UPDATE sh_legal_opinion SET fv_file_name=?, fv_lower_firm=?, fv_company_name=?, fv_charge_person=?, fv_lower1=?, fv_lower2=?, fv_date=?, fv_type=? WHERE id=? 
2019-11-14 11:39:55,216 [DEBUG] [main] io.renren.modules.sjflyjs.dao.ShLegalOpinionDao.updateById [BaseJdbcLogger.java : 159] ==> Parameters: 宁波热电：国浩律师（杭州）事务所关于宁波热电限制性股票激励计划之法律意见书(String), 国浩律师（杭州）事务所(String), 宁波热电股份有限公司(String), 颜华荣(String), 李燕(String), 汪琛(String), 2019-11-07(String), 上交(String), 319419(Long)
2019-11-14 11:39:55,220 [DEBUG] [main] io.renren.modules.sjflyjs.dao.ShLegalOpinionDao.updateById [BaseJdbcLogger.java : 159] <==    Updates: 1
2019-11-14 11:40:02,117 [ERROR] [RenrenScheduler_QuartzSchedulerThread] com.alibaba.druid.filter.stat.StatFilter [StatFilter.java : 478] slow sql 4072 millis. SELECT TRIGGER_NAME, TRIGGER_GROUP, NEXT_FIRE_TIME, PRIORITY FROM QRTZ_TRIGGERS WHERE SCHED_NAME = 'RenrenScheduler' AND TRIGGER_STATE = ? AND NEXT_FIRE_TIME <= ? AND (MISFIRE_INSTR = -1 OR (MISFIRE_INSTR != -1 AND NEXT_FIRE_TIME >= ?)) ORDER BY NEXT_FIRE_TIME ASC, PRIORITY DESC["WAITING",1573702826939,1573702786042]
2019-11-14 11:41:16,493 [ERROR] [QuartzScheduler_RenrenScheduler-DESKTOP-8V6KU1U1573702374474_ClusterManager] com.alibaba.druid.filter.stat.StatFilter [StatFilter.java : 478] slow sql 14634 millis. UPDATE QRTZ_SCHEDULER_STATE SET LAST_CHECKIN_TIME = ? WHERE SCHED_NAME = 'RenrenScheduler' AND INSTANCE_NAME = ?[1573702861859,"DESKTOP-8V6KU1U1573702374474"]
2019-11-14 11:41:44,253 [ERROR] [QuartzScheduler_RenrenScheduler-DESKTOP-8V6KU1U1573702374474_MisfireHandler] com.alibaba.druid.filter.stat.StatFilter [StatFilter.java : 478] slow sql 1030 millis. SELECT COUNT(TRIGGER_NAME) FROM QRTZ_TRIGGERS WHERE SCHED_NAME = 'RenrenScheduler' AND NOT (MISFIRE_INSTR = -1) AND NEXT_FIRE_TIME < ? AND TRIGGER_STATE = ?[1573702891220,"WAITING"]
2019-11-14 11:42:33,560 [DEBUG] [main] io.renren.modules.sjflyjs.dao.ShLegalOpinionDao.updateById [BaseJdbcLogger.java : 159] ==>  Preparing: UPDATE sh_legal_opinion SET fv_file_name=?, fv_lower_firm=?, fv_company_name=?, fv_charge_person=?, fv_lower1=?, fv_date=?, fv_type=? WHERE id=? 
2019-11-14 11:42:33,566 [DEBUG] [main] io.renren.modules.sjflyjs.dao.ShLegalOpinionDao.updateById [BaseJdbcLogger.java : 159] ==> Parameters: 日照港2019年第四次临时股东大会的法律意见书(String), 北京市君合（青岛）律师事务所(String), 日照港股份有限公司(String), 认为，贵公司本次股东大会的召集和召开程序现场会议员资格和召集资格，以及表决程序等宜，符合法律法规及公司程的有关规定，由此作出的股东大会决议是合法有效的。(String), 本同意将本法律意见书随同贵公司本次股东大会决议按有关规定予以公告。(String), 2019-11-07(String), 上交(String), 319420(Long)
2019-11-14 11:42:33,570 [DEBUG] [main] io.renren.modules.sjflyjs.dao.ShLegalOpinionDao.updateById [BaseJdbcLogger.java : 159] <==    Updates: 1
2019-11-14 11:46:09,683 [DEBUG] [main] io.renren.modules.sjflyjs.dao.ShLegalOpinionDao.updateById [BaseJdbcLogger.java : 159] ==>  Preparing: UPDATE sh_legal_opinion SET fv_file_name=?, fv_lower_firm=?, fv_company_name=?, fv_charge_person=?, fv_date=?, fv_type=? WHERE id=? 
2019-11-14 11:46:09,685 [DEBUG] [main] io.renren.modules.sjflyjs.dao.ShLegalOpinionDao.updateById [BaseJdbcLogger.java : 159] ==> Parameters: 林洋能源2019年第四次临时股东大会之法律意见书(String), 国浩律师（上海）事务所(String), 江苏林洋能源股份有限公司(String), 意见书(String), 2019-11-07(String), 上交(String), 319421(Long)
2019-11-14 11:46:09,687 [DEBUG] [main] io.renren.modules.sjflyjs.dao.ShLegalOpinionDao.updateById [BaseJdbcLogger.java : 159] <==    Updates: 1
2019-11-14 11:46:09,750 [INFO] [Thread-3] org.quartz.core.QuartzScheduler [QuartzScheduler.java : 585] Scheduler RenrenScheduler_$_DESKTOP-8V6KU1U1573702374474 paused.
2019-11-14 11:46:09,759 [INFO] [Thread-3] org.quartz.core.QuartzScheduler [QuartzScheduler.java : 666] Scheduler RenrenScheduler_$_DESKTOP-8V6KU1U1573702374474 shutting down.
2019-11-14 11:46:09,760 [INFO] [Thread-3] org.quartz.core.QuartzScheduler [QuartzScheduler.java : 585] Scheduler RenrenScheduler_$_DESKTOP-8V6KU1U1573702374474 paused.
2019-11-14 11:46:09,766 [INFO] [Thread-3] org.quartz.core.QuartzScheduler [QuartzScheduler.java : 740] Scheduler RenrenScheduler_$_DESKTOP-8V6KU1U1573702374474 shutdown complete.
2019-11-14 11:46:09,844 [INFO] [Thread-3] com.alibaba.druid.pool.DruidDataSource [DruidDataSource.java : 1825] {dataSource-1} closed
2019-11-14 11:46:28,500 [INFO] [main] o.s.data.repository.config.RepositoryConfigurationDelegate [RepositoryConfigurationDelegate.java : 163] Multiple Spring Data modules found, entering strict repository configuration mode!
2019-11-14 11:46:31,420 [INFO] [main] com.alibaba.druid.pool.DruidDataSource [DruidDataSource.java : 930] {dataSource-1} inited
2019-11-14 11:46:38,499 [WARN] [main] com.baomidou.mybatisplus.toolkit.TableInfoHelper [TableInfoHelper.java : 188] Warn: Could not find @TableId in Class: io.renren.modules.gkzr.entity.GkzrEntity.
2019-11-14 11:46:38,500 [WARN] [main] com.baomidou.mybatisplus.mapper.AutoSqlInjector [AutoSqlInjector.java : 147] class io.renren.modules.gkzr.entity.GkzrEntity ,Not found @TableId annotation, Cannot use Mybatis-Plus 'xxById' Method.
2019-11-14 11:46:38,795 [INFO] [main] org.quartz.impl.StdSchedulerFactory [StdSchedulerFactory.java : 1208] Using default implementation for ThreadExecutor
2019-11-14 11:46:38,833 [INFO] [main] org.quartz.core.SchedulerSignalerImpl [SchedulerSignalerImpl.java : 61] Initialized Scheduler Signaller of type: class org.quartz.core.SchedulerSignalerImpl
2019-11-14 11:46:38,834 [INFO] [main] org.quartz.core.QuartzScheduler [QuartzScheduler.java : 229] Quartz Scheduler v.2.3.0 created.
2019-11-14 11:46:38,842 [INFO] [main] o.springframework.scheduling.quartz.LocalDataSourceJobStore [JobStoreSupport.java : 672] Using db table-based data access locking (synchronization).
2019-11-14 11:46:38,847 [INFO] [main] o.springframework.scheduling.quartz.LocalDataSourceJobStore [JobStoreCMT.java : 145] JobStoreCMT initialized.
2019-11-14 11:46:38,849 [INFO] [main] org.quartz.core.QuartzScheduler [QuartzScheduler.java : 294] Scheduler meta-data: Quartz Scheduler (v2.3.0) 'RenrenScheduler' with instanceId 'DESKTOP-8V6KU1U1573703198801'
  Scheduler class: 'org.quartz.core.QuartzScheduler' - running locally.
  NOT STARTED.
  Currently in standby mode.
  Number of jobs executed: 0
  Using thread pool 'org.quartz.simpl.SimpleThreadPool' - with 20 threads.
  Using job-store 'org.springframework.scheduling.quartz.LocalDataSourceJobStore' - which supports persistence. and is clustered.

2019-11-14 11:46:38,849 [INFO] [main] org.quartz.impl.StdSchedulerFactory [StdSchedulerFactory.java : 1362] Quartz scheduler 'RenrenScheduler' initialized from an externally provided properties instance.
2019-11-14 11:46:38,849 [INFO] [main] org.quartz.impl.StdSchedulerFactory [StdSchedulerFactory.java : 1366] Quartz scheduler version: 2.3.0
2019-11-14 11:46:38,853 [INFO] [main] org.quartz.core.QuartzScheduler [QuartzScheduler.java : 2287] JobFactory set to: org.springframework.scheduling.quartz.AdaptableJobFactory@13047d3d
2019-11-14 11:46:38,984 [DEBUG] [main] io.renren.modules.job.dao.ScheduleJobDao.selectList [BaseJdbcLogger.java : 159] ==>  Preparing: SELECT job_id AS jobId,bean_name AS beanName,method_name AS methodName,params,cron_expression AS cronExpression,`status`,remark,create_time AS createTime FROM schedule_job 
2019-11-14 11:46:39,040 [DEBUG] [main] io.renren.modules.job.dao.ScheduleJobDao.selectList [BaseJdbcLogger.java : 159] ==> Parameters: 
2019-11-14 11:46:39,079 [DEBUG] [main] io.renren.modules.job.dao.ScheduleJobDao.selectList [BaseJdbcLogger.java : 159] <==      Total: 2
2019-11-14 11:46:46,934 [INFO] [main] s.d.spring.web.plugins.DocumentationPluginsBootstrapper [DocumentationPluginsBootstrapper.java : 147] Context refreshed
2019-11-14 11:46:46,983 [INFO] [main] s.d.spring.web.plugins.DocumentationPluginsBootstrapper [DocumentationPluginsBootstrapper.java : 150] Found 1 custom documentation plugin(s)
2019-11-14 11:46:47,082 [INFO] [main] s.d.spring.web.scanners.ApiListingReferenceScanner [ApiListingReferenceScanner.java : 41] Scanning for api listing references
2019-11-14 11:46:47,489 [DEBUG] [main] io.renren.modules.sjflyjs.dao.ShLegalOpinionDao.selectList [BaseJdbcLogger.java : 159] ==>  Preparing: SELECT id AS id,fv_file_name AS fvFileName,fv_file_title AS fvFileTitle,fv_lower_firm AS fvLowerFirm,fv_company_name_new AS fvCompanyNameNew,fv_company_name AS fvCompanyName,fv_lower_firm_new AS fvLowerFirmNew,fv_charge_person AS fvChargePerson,fv_lower1 AS fvLower1,fv_lower2 AS fvLower2,fv_lower3 AS fvLower3,fv_lower4 AS fvLower4,fv_lower5 AS fvLower5,fv_authorizer AS fvAuthorizer,fv_date AS fvDate,fv_type AS fvType FROM sh_legal_opinion 
2019-11-14 11:46:47,490 [DEBUG] [main] io.renren.modules.sjflyjs.dao.ShLegalOpinionDao.selectList [BaseJdbcLogger.java : 159] ==> Parameters: 
2019-11-14 11:46:47,664 [DEBUG] [main] io.renren.modules.sjflyjs.dao.ShLegalOpinionDao.selectList [BaseJdbcLogger.java : 159] <==      Total: 2754
2019-11-14 11:46:52,748 [INFO] [Thread-3] org.quartz.core.QuartzScheduler [QuartzScheduler.java : 666] Scheduler RenrenScheduler_$_DESKTOP-8V6KU1U1573703198801 shutting down.
2019-11-14 11:46:52,753 [INFO] [Thread-3] org.quartz.core.QuartzScheduler [QuartzScheduler.java : 585] Scheduler RenrenScheduler_$_DESKTOP-8V6KU1U1573703198801 paused.
2019-11-14 11:46:52,760 [INFO] [Thread-3] org.quartz.core.QuartzScheduler [QuartzScheduler.java : 740] Scheduler RenrenScheduler_$_DESKTOP-8V6KU1U1573703198801 shutdown complete.
2019-11-14 11:46:52,804 [INFO] [Thread-3] com.alibaba.druid.pool.DruidDataSource [DruidDataSource.java : 1825] {dataSource-1} closed
2019-11-14 11:47:14,106 [INFO] [main] o.s.data.repository.config.RepositoryConfigurationDelegate [RepositoryConfigurationDelegate.java : 163] Multiple Spring Data modules found, entering strict repository configuration mode!
2019-11-14 11:47:16,888 [INFO] [main] com.alibaba.druid.pool.DruidDataSource [DruidDataSource.java : 930] {dataSource-1} inited
2019-11-14 11:47:22,905 [WARN] [main] com.baomidou.mybatisplus.toolkit.TableInfoHelper [TableInfoHelper.java : 188] Warn: Could not find @TableId in Class: io.renren.modules.gkzr.entity.GkzrEntity.
2019-11-14 11:47:22,906 [WARN] [main] com.baomidou.mybatisplus.mapper.AutoSqlInjector [AutoSqlInjector.java : 147] class io.renren.modules.gkzr.entity.GkzrEntity ,Not found @TableId annotation, Cannot use Mybatis-Plus 'xxById' Method.
2019-11-14 11:47:23,190 [INFO] [main] org.quartz.impl.StdSchedulerFactory [StdSchedulerFactory.java : 1208] Using default implementation for ThreadExecutor
2019-11-14 11:47:23,227 [INFO] [main] org.quartz.core.SchedulerSignalerImpl [SchedulerSignalerImpl.java : 61] Initialized Scheduler Signaller of type: class org.quartz.core.SchedulerSignalerImpl
2019-11-14 11:47:23,227 [INFO] [main] org.quartz.core.QuartzScheduler [QuartzScheduler.java : 229] Quartz Scheduler v.2.3.0 created.
2019-11-14 11:47:23,237 [INFO] [main] o.springframework.scheduling.quartz.LocalDataSourceJobStore [JobStoreSupport.java : 672] Using db table-based data access locking (synchronization).
2019-11-14 11:47:23,241 [INFO] [main] o.springframework.scheduling.quartz.LocalDataSourceJobStore [JobStoreCMT.java : 145] JobStoreCMT initialized.
2019-11-14 11:47:23,243 [INFO] [main] org.quartz.core.QuartzScheduler [QuartzScheduler.java : 294] Scheduler meta-data: Quartz Scheduler (v2.3.0) 'RenrenScheduler' with instanceId 'DESKTOP-8V6KU1U1573703243194'
  Scheduler class: 'org.quartz.core.QuartzScheduler' - running locally.
  NOT STARTED.
  Currently in standby mode.
  Number of jobs executed: 0
  Using thread pool 'org.quartz.simpl.SimpleThreadPool' - with 20 threads.
  Using job-store 'org.springframework.scheduling.quartz.LocalDataSourceJobStore' - which supports persistence. and is clustered.

2019-11-14 11:47:23,245 [INFO] [main] org.quartz.impl.StdSchedulerFactory [StdSchedulerFactory.java : 1362] Quartz scheduler 'RenrenScheduler' initialized from an externally provided properties instance.
2019-11-14 11:47:23,245 [INFO] [main] org.quartz.impl.StdSchedulerFactory [StdSchedulerFactory.java : 1366] Quartz scheduler version: 2.3.0
2019-11-14 11:47:23,249 [INFO] [main] org.quartz.core.QuartzScheduler [QuartzScheduler.java : 2287] JobFactory set to: org.springframework.scheduling.quartz.AdaptableJobFactory@7c5d36c3
2019-11-14 11:47:23,437 [DEBUG] [main] io.renren.modules.job.dao.ScheduleJobDao.selectList [BaseJdbcLogger.java : 159] ==>  Preparing: SELECT job_id AS jobId,bean_name AS beanName,method_name AS methodName,params,cron_expression AS cronExpression,`status`,remark,create_time AS createTime FROM schedule_job 
2019-11-14 11:47:23,509 [DEBUG] [main] io.renren.modules.job.dao.ScheduleJobDao.selectList [BaseJdbcLogger.java : 159] ==> Parameters: 
2019-11-14 11:47:23,548 [DEBUG] [main] io.renren.modules.job.dao.ScheduleJobDao.selectList [BaseJdbcLogger.java : 159] <==      Total: 2
2019-11-14 11:47:30,470 [INFO] [main] s.d.spring.web.plugins.DocumentationPluginsBootstrapper [DocumentationPluginsBootstrapper.java : 147] Context refreshed
2019-11-14 11:47:30,520 [INFO] [main] s.d.spring.web.plugins.DocumentationPluginsBootstrapper [DocumentationPluginsBootstrapper.java : 150] Found 1 custom documentation plugin(s)
2019-11-14 11:47:30,619 [INFO] [main] s.d.spring.web.scanners.ApiListingReferenceScanner [ApiListingReferenceScanner.java : 41] Scanning for api listing references
2019-11-14 11:47:30,978 [DEBUG] [main] io.renren.modules.sjflyjs.dao.ShLegalOpinionDao.selectList [BaseJdbcLogger.java : 159] ==>  Preparing: SELECT id AS id,fv_file_name AS fvFileName,fv_file_title AS fvFileTitle,fv_lower_firm AS fvLowerFirm,fv_company_name_new AS fvCompanyNameNew,fv_company_name AS fvCompanyName,fv_lower_firm_new AS fvLowerFirmNew,fv_charge_person AS fvChargePerson,fv_lower1 AS fvLower1,fv_lower2 AS fvLower2,fv_lower3 AS fvLower3,fv_lower4 AS fvLower4,fv_lower5 AS fvLower5,fv_authorizer AS fvAuthorizer,fv_date AS fvDate,fv_type AS fvType FROM sh_legal_opinion 
2019-11-14 11:47:30,980 [DEBUG] [main] io.renren.modules.sjflyjs.dao.ShLegalOpinionDao.selectList [BaseJdbcLogger.java : 159] ==> Parameters: 
2019-11-14 11:47:31,117 [DEBUG] [main] io.renren.modules.sjflyjs.dao.ShLegalOpinionDao.selectList [BaseJdbcLogger.java : 159] <==      Total: 2754
2019-11-14 11:48:11,966 [INFO] [Quartz Scheduler [RenrenScheduler]] o.springframework.scheduling.quartz.LocalDataSourceJobStore [JobStoreSupport.java : 3629] ClusterManager: detected 1 failed or restarted instances.
2019-11-14 11:48:11,970 [INFO] [Quartz Scheduler [RenrenScheduler]] o.springframework.scheduling.quartz.LocalDataSourceJobStore [JobStoreSupport.java : 3488] ClusterManager: Scanning for instance "DESKTOP-8V6KU1U1573702374474"'s failed in-progress jobs.
2019-11-14 11:48:12,144 [INFO] [Quartz Scheduler [RenrenScheduler]] org.quartz.core.QuartzScheduler [QuartzScheduler.java : 547] Scheduler RenrenScheduler_$_DESKTOP-8V6KU1U1573703243194 started.
2019-11-14 11:48:12,150 [INFO] [QuartzScheduler_RenrenScheduler-DESKTOP-8V6KU1U1573703243194_MisfireHandler] o.springframework.scheduling.quartz.LocalDataSourceJobStore [JobStoreSupport.java : 973] Handling 1 trigger(s) that missed their scheduled fire-time.
2019-11-14 11:56:38,328 [INFO] [Thread-3] org.quartz.core.QuartzScheduler [QuartzScheduler.java : 585] Scheduler RenrenScheduler_$_DESKTOP-8V6KU1U1573703243194 paused.
2019-11-14 11:56:38,339 [INFO] [Thread-3] org.quartz.core.QuartzScheduler [QuartzScheduler.java : 666] Scheduler RenrenScheduler_$_DESKTOP-8V6KU1U1573703243194 shutting down.
2019-11-14 11:56:38,340 [INFO] [Thread-3] org.quartz.core.QuartzScheduler [QuartzScheduler.java : 585] Scheduler RenrenScheduler_$_DESKTOP-8V6KU1U1573703243194 paused.
2019-11-14 11:56:38,343 [INFO] [Thread-3] org.quartz.core.QuartzScheduler [QuartzScheduler.java : 740] Scheduler RenrenScheduler_$_DESKTOP-8V6KU1U1573703243194 shutdown complete.
2019-11-14 11:56:38,406 [INFO] [Thread-3] com.alibaba.druid.pool.DruidDataSource [DruidDataSource.java : 1825] {dataSource-1} closed
2019-11-14 11:56:52,878 [INFO] [main] o.s.data.repository.config.RepositoryConfigurationDelegate [RepositoryConfigurationDelegate.java : 163] Multiple Spring Data modules found, entering strict repository configuration mode!
2019-11-14 11:56:55,805 [INFO] [main] com.alibaba.druid.pool.DruidDataSource [DruidDataSource.java : 930] {dataSource-1} inited
2019-11-14 11:57:01,681 [WARN] [main] com.baomidou.mybatisplus.toolkit.TableInfoHelper [TableInfoHelper.java : 188] Warn: Could not find @TableId in Class: io.renren.modules.gkzr.entity.GkzrEntity.
2019-11-14 11:57:01,681 [WARN] [main] com.baomidou.mybatisplus.mapper.AutoSqlInjector [AutoSqlInjector.java : 147] class io.renren.modules.gkzr.entity.GkzrEntity ,Not found @TableId annotation, Cannot use Mybatis-Plus 'xxById' Method.
2019-11-14 11:57:01,959 [INFO] [main] org.quartz.impl.StdSchedulerFactory [StdSchedulerFactory.java : 1208] Using default implementation for ThreadExecutor
2019-11-14 11:57:01,991 [INFO] [main] org.quartz.core.SchedulerSignalerImpl [SchedulerSignalerImpl.java : 61] Initialized Scheduler Signaller of type: class org.quartz.core.SchedulerSignalerImpl
2019-11-14 11:57:01,992 [INFO] [main] org.quartz.core.QuartzScheduler [QuartzScheduler.java : 229] Quartz Scheduler v.2.3.0 created.
2019-11-14 11:57:02,000 [INFO] [main] o.springframework.scheduling.quartz.LocalDataSourceJobStore [JobStoreSupport.java : 672] Using db table-based data access locking (synchronization).
2019-11-14 11:57:02,004 [INFO] [main] o.springframework.scheduling.quartz.LocalDataSourceJobStore [JobStoreCMT.java : 145] JobStoreCMT initialized.
2019-11-14 11:57:02,006 [INFO] [main] org.quartz.core.QuartzScheduler [QuartzScheduler.java : 294] Scheduler meta-data: Quartz Scheduler (v2.3.0) 'RenrenScheduler' with instanceId 'DESKTOP-8V6KU1U1573703821964'
  Scheduler class: 'org.quartz.core.QuartzScheduler' - running locally.
  NOT STARTED.
  Currently in standby mode.
  Number of jobs executed: 0
  Using thread pool 'org.quartz.simpl.SimpleThreadPool' - with 20 threads.
  Using job-store 'org.springframework.scheduling.quartz.LocalDataSourceJobStore' - which supports persistence. and is clustered.

2019-11-14 11:57:02,008 [INFO] [main] org.quartz.impl.StdSchedulerFactory [StdSchedulerFactory.java : 1362] Quartz scheduler 'RenrenScheduler' initialized from an externally provided properties instance.
2019-11-14 11:57:02,009 [INFO] [main] org.quartz.impl.StdSchedulerFactory [StdSchedulerFactory.java : 1366] Quartz scheduler version: 2.3.0
2019-11-14 11:57:02,017 [INFO] [main] org.quartz.core.QuartzScheduler [QuartzScheduler.java : 2287] JobFactory set to: org.springframework.scheduling.quartz.AdaptableJobFactory@60ee7a51
2019-11-14 11:57:02,229 [DEBUG] [main] io.renren.modules.job.dao.ScheduleJobDao.selectList [BaseJdbcLogger.java : 159] ==>  Preparing: SELECT job_id AS jobId,bean_name AS beanName,method_name AS methodName,params,cron_expression AS cronExpression,`status`,remark,create_time AS createTime FROM schedule_job 
2019-11-14 11:57:02,282 [DEBUG] [main] io.renren.modules.job.dao.ScheduleJobDao.selectList [BaseJdbcLogger.java : 159] ==> Parameters: 
2019-11-14 11:57:02,315 [DEBUG] [main] io.renren.modules.job.dao.ScheduleJobDao.selectList [BaseJdbcLogger.java : 159] <==      Total: 2
2019-11-14 11:57:09,681 [INFO] [main] s.d.spring.web.plugins.DocumentationPluginsBootstrapper [DocumentationPluginsBootstrapper.java : 147] Context refreshed
2019-11-14 11:57:09,738 [INFO] [main] s.d.spring.web.plugins.DocumentationPluginsBootstrapper [DocumentationPluginsBootstrapper.java : 150] Found 1 custom documentation plugin(s)
2019-11-14 11:57:09,862 [INFO] [main] s.d.spring.web.scanners.ApiListingReferenceScanner [ApiListingReferenceScanner.java : 41] Scanning for api listing references
2019-11-14 11:57:10,256 [DEBUG] [main] io.renren.modules.sjflyjs.dao.ShLegalOpinionDao.selectList [BaseJdbcLogger.java : 159] ==>  Preparing: SELECT id AS id,fv_file_name AS fvFileName,fv_file_title AS fvFileTitle,fv_lower_firm AS fvLowerFirm,fv_company_name_new AS fvCompanyNameNew,fv_company_name AS fvCompanyName,fv_lower_firm_new AS fvLowerFirmNew,fv_charge_person AS fvChargePerson,fv_lower1 AS fvLower1,fv_lower2 AS fvLower2,fv_lower3 AS fvLower3,fv_lower4 AS fvLower4,fv_lower5 AS fvLower5,fv_authorizer AS fvAuthorizer,fv_date AS fvDate,fv_type AS fvType FROM sh_legal_opinion 
2019-11-14 11:57:10,258 [DEBUG] [main] io.renren.modules.sjflyjs.dao.ShLegalOpinionDao.selectList [BaseJdbcLogger.java : 159] ==> Parameters: 
2019-11-14 11:57:10,390 [DEBUG] [main] io.renren.modules.sjflyjs.dao.ShLegalOpinionDao.selectList [BaseJdbcLogger.java : 159] <==      Total: 2754
2019-11-14 11:57:39,905 [INFO] [Quartz Scheduler [RenrenScheduler]] o.springframework.scheduling.quartz.LocalDataSourceJobStore [JobStoreSupport.java : 3629] ClusterManager: detected 1 failed or restarted instances.
2019-11-14 11:57:39,907 [INFO] [Quartz Scheduler [RenrenScheduler]] o.springframework.scheduling.quartz.LocalDataSourceJobStore [JobStoreSupport.java : 3488] ClusterManager: Scanning for instance "DESKTOP-8V6KU1U1573703243194"'s failed in-progress jobs.
2019-11-14 11:57:40,047 [INFO] [Quartz Scheduler [RenrenScheduler]] org.quartz.core.QuartzScheduler [QuartzScheduler.java : 547] Scheduler RenrenScheduler_$_DESKTOP-8V6KU1U1573703821964 started.
2019-11-14 11:57:40,054 [INFO] [QuartzScheduler_RenrenScheduler-DESKTOP-8V6KU1U1573703821964_MisfireHandler] o.springframework.scheduling.quartz.LocalDataSourceJobStore [JobStoreSupport.java : 973] Handling 1 trigger(s) that missed their scheduled fire-time.
2019-11-14 11:59:57,055 [INFO] [Thread-3] org.quartz.core.QuartzScheduler [QuartzScheduler.java : 585] Scheduler RenrenScheduler_$_DESKTOP-8V6KU1U1573703821964 paused.
2019-11-14 11:59:57,079 [INFO] [Thread-3] org.quartz.core.QuartzScheduler [QuartzScheduler.java : 666] Scheduler RenrenScheduler_$_DESKTOP-8V6KU1U1573703821964 shutting down.
2019-11-14 11:59:57,079 [INFO] [Thread-3] org.quartz.core.QuartzScheduler [QuartzScheduler.java : 585] Scheduler RenrenScheduler_$_DESKTOP-8V6KU1U1573703821964 paused.
2019-11-14 11:59:57,088 [INFO] [Thread-3] org.quartz.core.QuartzScheduler [QuartzScheduler.java : 740] Scheduler RenrenScheduler_$_DESKTOP-8V6KU1U1573703821964 shutdown complete.
2019-11-14 11:59:57,148 [INFO] [Thread-3] com.alibaba.druid.pool.DruidDataSource [DruidDataSource.java : 1825] {dataSource-1} closed
2019-11-14 13:34:19,856 [INFO] [main] o.s.data.repository.config.RepositoryConfigurationDelegate [RepositoryConfigurationDelegate.java : 163] Multiple Spring Data modules found, entering strict repository configuration mode!
2019-11-14 13:34:22,673 [INFO] [main] com.alibaba.druid.pool.DruidDataSource [DruidDataSource.java : 930] {dataSource-1} inited
2019-11-14 13:34:28,649 [WARN] [main] com.baomidou.mybatisplus.toolkit.TableInfoHelper [TableInfoHelper.java : 188] Warn: Could not find @TableId in Class: io.renren.modules.gkzr.entity.GkzrEntity.
2019-11-14 13:34:28,650 [WARN] [main] com.baomidou.mybatisplus.mapper.AutoSqlInjector [AutoSqlInjector.java : 147] class io.renren.modules.gkzr.entity.GkzrEntity ,Not found @TableId annotation, Cannot use Mybatis-Plus 'xxById' Method.
2019-11-14 13:34:28,980 [INFO] [main] org.quartz.impl.StdSchedulerFactory [StdSchedulerFactory.java : 1208] Using default implementation for ThreadExecutor
2019-11-14 13:34:29,017 [INFO] [main] org.quartz.core.SchedulerSignalerImpl [SchedulerSignalerImpl.java : 61] Initialized Scheduler Signaller of type: class org.quartz.core.SchedulerSignalerImpl
2019-11-14 13:34:29,018 [INFO] [main] org.quartz.core.QuartzScheduler [QuartzScheduler.java : 229] Quartz Scheduler v.2.3.0 created.
2019-11-14 13:34:29,029 [INFO] [main] o.springframework.scheduling.quartz.LocalDataSourceJobStore [JobStoreSupport.java : 672] Using db table-based data access locking (synchronization).
2019-11-14 13:34:29,034 [INFO] [main] o.springframework.scheduling.quartz.LocalDataSourceJobStore [JobStoreCMT.java : 145] JobStoreCMT initialized.
2019-11-14 13:34:29,037 [INFO] [main] org.quartz.core.QuartzScheduler [QuartzScheduler.java : 294] Scheduler meta-data: Quartz Scheduler (v2.3.0) 'RenrenScheduler' with instanceId 'DESKTOP-8V6KU1U1573709668985'
  Scheduler class: 'org.quartz.core.QuartzScheduler' - running locally.
  NOT STARTED.
  Currently in standby mode.
  Number of jobs executed: 0
  Using thread pool 'org.quartz.simpl.SimpleThreadPool' - with 20 threads.
  Using job-store 'org.springframework.scheduling.quartz.LocalDataSourceJobStore' - which supports persistence. and is clustered.

2019-11-14 13:34:29,037 [INFO] [main] org.quartz.impl.StdSchedulerFactory [StdSchedulerFactory.java : 1362] Quartz scheduler 'RenrenScheduler' initialized from an externally provided properties instance.
2019-11-14 13:34:29,038 [INFO] [main] org.quartz.impl.StdSchedulerFactory [StdSchedulerFactory.java : 1366] Quartz scheduler version: 2.3.0
2019-11-14 13:34:29,042 [INFO] [main] org.quartz.core.QuartzScheduler [QuartzScheduler.java : 2287] JobFactory set to: org.springframework.scheduling.quartz.AdaptableJobFactory@35d81657
2019-11-14 13:34:29,176 [DEBUG] [main] io.renren.modules.job.dao.ScheduleJobDao.selectList [BaseJdbcLogger.java : 159] ==>  Preparing: SELECT job_id AS jobId,bean_name AS beanName,method_name AS methodName,params,cron_expression AS cronExpression,`status`,remark,create_time AS createTime FROM schedule_job 
2019-11-14 13:34:29,221 [DEBUG] [main] io.renren.modules.job.dao.ScheduleJobDao.selectList [BaseJdbcLogger.java : 159] ==> Parameters: 
2019-11-14 13:34:29,309 [DEBUG] [main] io.renren.modules.job.dao.ScheduleJobDao.selectList [BaseJdbcLogger.java : 159] <==      Total: 2
2019-11-14 13:34:37,349 [INFO] [main] s.d.spring.web.plugins.DocumentationPluginsBootstrapper [DocumentationPluginsBootstrapper.java : 147] Context refreshed
2019-11-14 13:34:37,396 [INFO] [main] s.d.spring.web.plugins.DocumentationPluginsBootstrapper [DocumentationPluginsBootstrapper.java : 150] Found 1 custom documentation plugin(s)
2019-11-14 13:34:37,492 [INFO] [main] s.d.spring.web.scanners.ApiListingReferenceScanner [ApiListingReferenceScanner.java : 41] Scanning for api listing references
2019-11-14 13:34:37,913 [DEBUG] [main] io.renren.modules.sjflyjs.dao.ShLegalOpinionDao.selectList [BaseJdbcLogger.java : 159] ==>  Preparing: SELECT id AS id,fv_file_name AS fvFileName,fv_file_title AS fvFileTitle,fv_lower_firm AS fvLowerFirm,fv_company_name_new AS fvCompanyNameNew,fv_company_name AS fvCompanyName,fv_lower_firm_new AS fvLowerFirmNew,fv_charge_person AS fvChargePerson,fv_lower1 AS fvLower1,fv_lower2 AS fvLower2,fv_lower3 AS fvLower3,fv_lower4 AS fvLower4,fv_lower5 AS fvLower5,fv_authorizer AS fvAuthorizer,fv_date AS fvDate,fv_type AS fvType FROM sh_legal_opinion 
2019-11-14 13:34:37,914 [DEBUG] [main] io.renren.modules.sjflyjs.dao.ShLegalOpinionDao.selectList [BaseJdbcLogger.java : 159] ==> Parameters: 
2019-11-14 13:34:38,153 [DEBUG] [main] io.renren.modules.sjflyjs.dao.ShLegalOpinionDao.selectList [BaseJdbcLogger.java : 159] <==      Total: 2754
2019-11-14 13:35:07,538 [INFO] [Quartz Scheduler [RenrenScheduler]] o.springframework.scheduling.quartz.LocalDataSourceJobStore [JobStoreSupport.java : 3629] ClusterManager: detected 1 failed or restarted instances.
2019-11-14 13:35:07,539 [INFO] [Quartz Scheduler [RenrenScheduler]] o.springframework.scheduling.quartz.LocalDataSourceJobStore [JobStoreSupport.java : 3488] ClusterManager: Scanning for instance "DESKTOP-8V6KU1U1573703821964"'s failed in-progress jobs.
2019-11-14 13:35:07,639 [INFO] [Quartz Scheduler [RenrenScheduler]] org.quartz.core.QuartzScheduler [QuartzScheduler.java : 547] Scheduler RenrenScheduler_$_DESKTOP-8V6KU1U1573709668985 started.
2019-11-14 13:35:07,647 [INFO] [QuartzScheduler_RenrenScheduler-DESKTOP-8V6KU1U1573709668985_MisfireHandler] o.springframework.scheduling.quartz.LocalDataSourceJobStore [JobStoreSupport.java : 973] Handling 1 trigger(s) that missed their scheduled fire-time.
2019-11-14 13:39:58,706 [DEBUG] [main] io.renren.modules.sjflyjs.dao.ShLegalOpinionDao.updateById [BaseJdbcLogger.java : 159] ==>  Preparing: UPDATE sh_legal_opinion SET fv_file_name=?, fv_lower_firm=?, fv_company_name=?, fv_charge_person=?, fv_lower1=?, fv_lower2=?, fv_date=?, fv_type=? WHERE id=? 
2019-11-14 13:39:58,714 [DEBUG] [main] io.renren.modules.sjflyjs.dao.ShLegalOpinionDao.updateById [BaseJdbcLogger.java : 159] ==> Parameters: 宁波热电：国浩律师（杭州）事务所关于宁波热电限制性股票激励计划之法律意见书(String), 国浩律师（杭州）事务所(String), 宁波热电股份有限公司(String), 颜华荣(String), 李燕(String), 汪琛(String), 2019-11-07(String), 上交(String), 319419(Long)
2019-11-14 13:39:58,718 [DEBUG] [main] io.renren.modules.sjflyjs.dao.ShLegalOpinionDao.updateById [BaseJdbcLogger.java : 159] <==    Updates: 1
2019-11-14 13:40:42,460 [ERROR] [QuartzScheduler_RenrenScheduler-DESKTOP-8V6KU1U1573709668985_ClusterManager] com.alibaba.druid.filter.stat.StatFilter [StatFilter.java : 478] slow sql 1039 millis. UPDATE QRTZ_SCHEDULER_STATE SET LAST_CHECKIN_TIME = ? WHERE SCHED_NAME = 'RenrenScheduler' AND INSTANCE_NAME = ?[1573710038606,"DESKTOP-8V6KU1U1573709668985"]
2019-11-14 13:41:14,753 [DEBUG] [main] io.renren.modules.sjflyjs.dao.ShLegalOpinionDao.updateById [BaseJdbcLogger.java : 159] ==>  Preparing: UPDATE sh_legal_opinion SET fv_file_name=?, fv_lower_firm=?, fv_company_name=?, fv_charge_person=?, fv_lower1=?, fv_date=?, fv_type=? WHERE id=? 
2019-11-14 13:41:14,757 [DEBUG] [main] io.renren.modules.sjflyjs.dao.ShLegalOpinionDao.updateById [BaseJdbcLogger.java : 159] ==> Parameters: 日照港2019年第四次临时股东大会的法律意见书(String), 北京市君合（青岛）律师事务所(String), 日照港股份有限公司(String), 认为，贵公司本次股东大会的召集和召开程序现场会议员资格和召集资格，以及表决程序等宜，符合法律法规及公司程的有关规定，由此作出的股东大会决议是合法有效的。(String), 本同意将本法律意见书随同贵公司本次股东大会决议按有关规定予以公告。(String), 2019-11-07(String), 上交(String), 319420(Long)
2019-11-14 13:41:14,761 [DEBUG] [main] io.renren.modules.sjflyjs.dao.ShLegalOpinionDao.updateById [BaseJdbcLogger.java : 159] <==    Updates: 1
2019-11-14 13:41:28,447 [ERROR] [QuartzScheduler_RenrenScheduler-DESKTOP-8V6KU1U1573709668985_MisfireHandler] com.alibaba.druid.filter.stat.StatFilter [StatFilter.java : 478] slow sql 1301 millis. SELECT COUNT(TRIGGER_NAME) FROM QRTZ_TRIGGERS WHERE SCHED_NAME = 'RenrenScheduler' AND NOT (MISFIRE_INSTR = -1) AND NEXT_FIRE_TIME < ? AND TRIGGER_STATE = ?[1573710075143,"WAITING"]
2019-11-14 13:41:45,161 [DEBUG] [main] io.renren.modules.sjflyjs.dao.ShLegalOpinionDao.updateById [BaseJdbcLogger.java : 159] ==>  Preparing: UPDATE sh_legal_opinion SET fv_file_name=?, fv_lower_firm=?, fv_company_name=?, fv_charge_person=?, fv_date=?, fv_type=? WHERE id=? 
2019-11-14 13:41:45,169 [DEBUG] [main] io.renren.modules.sjflyjs.dao.ShLegalOpinionDao.updateById [BaseJdbcLogger.java : 159] ==> Parameters: 林洋能源2019年第四次临时股东大会之法律意见书(String), 国浩律师（上海）事务所(String), 江苏林洋能源股份有限公司(String), 意见书(String), 2019-11-07(String), 上交(String), 319421(Long)
2019-11-14 13:41:45,226 [DEBUG] [main] io.renren.modules.sjflyjs.dao.ShLegalOpinionDao.updateById [BaseJdbcLogger.java : 159] <==    Updates: 1
2019-11-14 13:41:56,942 [ERROR] [QuartzScheduler_RenrenScheduler-DESKTOP-8V6KU1U1573709668985_MisfireHandler] com.alibaba.druid.filter.stat.StatFilter [StatFilter.java : 478] slow sql 1720 millis. SELECT COUNT(TRIGGER_NAME) FROM QRTZ_TRIGGERS WHERE SCHED_NAME = 'RenrenScheduler' AND NOT (MISFIRE_INSTR = -1) AND NEXT_FIRE_TIME < ? AND TRIGGER_STATE = ?[1573710102520,"WAITING"]
2019-11-14 13:42:35,021 [ERROR] [QuartzScheduler_RenrenScheduler-DESKTOP-8V6KU1U1573709668985_ClusterManager] com.alibaba.druid.filter.stat.StatFilter [StatFilter.java : 478] slow sql 1415 millis. UPDATE QRTZ_SCHEDULER_STATE SET LAST_CHECKIN_TIME = ? WHERE SCHED_NAME = 'RenrenScheduler' AND INSTANCE_NAME = ?[1573710153605,"DESKTOP-8V6KU1U1573709668985"]
2019-11-14 13:43:56,555 [DEBUG] [main] io.renren.modules.sjflyjs.dao.ShLegalOpinionDao.updateById [BaseJdbcLogger.java : 159] ==>  Preparing: UPDATE sh_legal_opinion SET fv_file_name=?, fv_lower_firm=?, fv_company_name=?, fv_charge_person=?, fv_lower1=?, fv_lower2=?, fv_date=?, fv_type=? WHERE id=? 
2019-11-14 13:43:56,561 [DEBUG] [main] io.renren.modules.sjflyjs.dao.ShLegalOpinionDao.updateById [BaseJdbcLogger.java : 159] ==> Parameters: 赛轮轮胎2019年第三次临时股东大会的法律意见书(String), 山东琴岛律师事务所(String), 赛轮集团股份有限公司(String), 杨伟程(String), 李茹(String), 徐述(String), 2019-11-07(String), 上交(String), 319422(Long)
2019-11-14 13:43:56,564 [DEBUG] [main] io.renren.modules.sjflyjs.dao.ShLegalOpinionDao.updateById [BaseJdbcLogger.java : 159] <==    Updates: 1
2019-11-14 13:44:17,350 [ERROR] [QuartzScheduler_RenrenScheduler-DESKTOP-8V6KU1U1573709668985_ClusterManager] com.alibaba.druid.filter.stat.StatFilter [StatFilter.java : 478] slow sql 12174 millis. SELECT * FROM QRTZ_SCHEDULER_STATE WHERE SCHED_NAME = 'RenrenScheduler'[]
2019-11-14 13:44:23,107 [DEBUG] [main] io.renren.modules.sjflyjs.dao.ShLegalOpinionDao.updateById [BaseJdbcLogger.java : 159] ==>  Preparing: UPDATE sh_legal_opinion SET fv_file_name=?, fv_date=?, fv_type=? WHERE id=? 
2019-11-14 13:44:23,110 [DEBUG] [main] io.renren.modules.sjflyjs.dao.ShLegalOpinionDao.updateById [BaseJdbcLogger.java : 159] ==> Parameters: 金健米业2019年第三次临时股东大会法律意见书(String), 2019-11-07(String), 上交(String), 319423(Long)
2019-11-14 13:44:23,113 [DEBUG] [main] io.renren.modules.sjflyjs.dao.ShLegalOpinionDao.updateById [BaseJdbcLogger.java : 159] <==    Updates: 1
2019-11-14 13:58:56,891 [DEBUG] [main] io.renren.modules.sjflyjs.dao.ShLegalOpinionDao.updateById [BaseJdbcLogger.java : 159] ==>  Preparing: UPDATE sh_legal_opinion SET fv_file_name=?, fv_lower_firm=?, fv_company_name=?, fv_charge_person=?, fv_date=?, fv_type=? WHERE id=? 
2019-11-14 13:58:56,896 [DEBUG] [main] io.renren.modules.sjflyjs.dao.ShLegalOpinionDao.updateById [BaseJdbcLogger.java : 159] ==> Parameters: 华夏幸福：北京市金杜律师事务所关于华夏幸福基业股份有限公司2018年股票期权与限制性股票激励相关调整、注销部分股票期权及回购注销部分限制性股票相关事项的法律意见书(String), 北京市金杜律师事务所(String), 华夏幸福基业股份有限公司(String), 黄任重王涵盈王玲二O一九年七月(String), 2019-11-07(String), 上交(String), 319424(Long)
2019-11-14 13:58:56,985 [DEBUG] [main] io.renren.modules.sjflyjs.dao.ShLegalOpinionDao.updateById [BaseJdbcLogger.java : 159] <==    Updates: 1
2019-11-14 13:59:18,113 [DEBUG] [main] io.renren.modules.sjflyjs.dao.ShLegalOpinionDao.updateById [BaseJdbcLogger.java : 159] ==>  Preparing: UPDATE sh_legal_opinion SET fv_file_name=?, fv_lower_firm=?, fv_company_name=?, fv_charge_person=?, fv_lower1=?, fv_date=?, fv_type=? WHERE id=? 
2019-11-14 13:59:18,117 [DEBUG] [main] io.renren.modules.sjflyjs.dao.ShLegalOpinionDao.updateById [BaseJdbcLogger.java : 159] ==> Parameters: 石化油服2019年第一次临时股东大会的法律意见书(String), 北京市海问律师事务所(String), 中石化石油工程技术服务股份有限公司(String), 认为，本次会议召集和召开的程序召集的资格本次会议现场会议的股东或股东代理资格以及表决程序均符合有关法律及公司程的有关规定，本次会议的表决结果合法有效。(String), 以下无正文(String), 2019-11-07(String), 上交(String), 319425(Long)
2019-11-14 13:59:18,123 [DEBUG] [main] io.renren.modules.sjflyjs.dao.ShLegalOpinionDao.updateById [BaseJdbcLogger.java : 159] <==    Updates: 1
2019-11-14 13:59:42,130 [DEBUG] [main] io.renren.modules.sjflyjs.dao.ShLegalOpinionDao.updateById [BaseJdbcLogger.java : 159] ==>  Preparing: UPDATE sh_legal_opinion SET fv_file_name=?, fv_lower_firm=?, fv_company_name=?, fv_charge_person=?, fv_date=?, fv_type=? WHERE id=? 
2019-11-14 13:59:42,136 [DEBUG] [main] io.renren.modules.sjflyjs.dao.ShLegalOpinionDao.updateById [BaseJdbcLogger.java : 159] ==> Parameters: 电子城2019年第六次临时股东大会的法律意见书(String), 北京市炜衡律师事务所(String), 北京电子城投资开发集团股份有限公司(String), 并经本盖后生效。(String), 2019-11-07(String), 上交(String), 319426(Long)
2019-11-14 13:59:42,141 [DEBUG] [main] io.renren.modules.sjflyjs.dao.ShLegalOpinionDao.updateById [BaseJdbcLogger.java : 159] <==    Updates: 1
2019-11-14 14:00:28,986 [ERROR] [RenrenScheduler_QuartzSchedulerThread] com.alibaba.druid.filter.stat.StatFilter [StatFilter.java : 478] slow sql 1063 millis. UPDATE QRTZ_TRIGGERS SET JOB_NAME = ?, JOB_GROUP = ?, DESCRIPTION = ?, NEXT_FIRE_TIME = ?, PREV_FIRE_TIME = ?, TRIGGER_STATE = ?, TRIGGER_TYPE = ?, START_TIME = ?, END_TIME = ?, CALENDAR_NAME = ?, MISFIRE_INSTR = ?, PRIORITY = ? WHERE SCHED_NAME = 'RenrenScheduler' AND TRIGGER_NAME = ? AND TRIGGER_GROUP = ?["TASK_1","DEFAULT",null,1573713000000,1573711200000,"WAITING","CRON",1571623379000,0,null,2,5,"TASK_1","DEFAULT"]
2019-11-14 14:00:30,389 [INFO] [RenrenScheduler_Worker-1] io.renren.modules.job.utils.ScheduleJob [ScheduleJob.java : 67] 任务准备执行，任务ID：1
2019-11-14 14:00:30,392 [INFO] [pool-1-thread-1] io.renren.modules.job.task.TestTask [TestTask.java : 43] 我是带参数的test方法，正在被执行，参数为：renren
2019-11-14 14:00:30,395 [DEBUG] [main] io.renren.modules.sjflyjs.dao.ShLegalOpinionDao.updateById [BaseJdbcLogger.java : 159] ==>  Preparing: UPDATE sh_legal_opinion SET fv_file_name=?, fv_lower_firm=?, fv_company_name=?, fv_charge_person=?, fv_lower1=?, fv_lower2=?, fv_date=?, fv_type=? WHERE id=? 
2019-11-14 14:00:30,401 [DEBUG] [main] io.renren.modules.sjflyjs.dao.ShLegalOpinionDao.updateById [BaseJdbcLogger.java : 159] ==> Parameters: 永安行2019年第二次临时股东大会的法律意见书(String), 北京市海问律师事务所(String), 永安行科技股份有限公司(String), 认为，本次会议召集和召开的程序召集的资格本次会议现场会议员的资格以及本次会议的表决程序均符合有关法律和公司程的有关规定，本次会议审议议案的表决结果合法有效。(String), 本法律意见书一式五份。(String), 本页以下无正文(String), 2019-11-06(String), 上交(String), 319427(Long)
2019-11-14 14:00:30,405 [DEBUG] [main] io.renren.modules.sjflyjs.dao.ShLegalOpinionDao.updateById [BaseJdbcLogger.java : 159] <==    Updates: 1
2019-11-14 14:00:32,700 [DEBUG] [pool-1-thread-1] io.renren.modules.sys.dao.SysUserDao.selectById [BaseJdbcLogger.java : 159] ==>  Preparing: SELECT user_id AS userId,username,`password`,salt,email,mobile,`status`,create_time AS createTime,dept_id AS deptId FROM sys_user WHERE user_id=? 
2019-11-14 14:00:32,701 [DEBUG] [pool-1-thread-1] io.renren.modules.sys.dao.SysUserDao.selectById [BaseJdbcLogger.java : 159] ==> Parameters: 1(Long)
2019-11-14 14:00:32,705 [DEBUG] [pool-1-thread-1] io.renren.modules.sys.dao.SysUserDao.selectById [BaseJdbcLogger.java : 159] <==      Total: 1
2019-11-14 14:00:32,736 [INFO] [RenrenScheduler_Worker-1] io.renren.modules.job.utils.ScheduleJob [ScheduleJob.java : 80] 任务执行完毕，任务ID：1  总共耗时：2346毫秒
2019-11-14 14:00:32,772 [DEBUG] [RenrenScheduler_Worker-1] io.renren.modules.job.dao.ScheduleJobLogDao.insert [BaseJdbcLogger.java : 159] ==>  Preparing: INSERT INTO schedule_job_log ( job_id, bean_name, method_name, params, `status`, times, create_time ) VALUES ( ?, ?, ?, ?, ?, ?, ? ) 
2019-11-14 14:00:32,777 [DEBUG] [RenrenScheduler_Worker-1] io.renren.modules.job.dao.ScheduleJobLogDao.insert [BaseJdbcLogger.java : 159] ==> Parameters: 1(Long), testTask(String), test(String), renren(String), 0(Integer), 2346(Integer), 2019-11-14 14:00:30.389(Timestamp)
2019-11-14 14:00:32,786 [DEBUG] [RenrenScheduler_Worker-1] io.renren.modules.job.dao.ScheduleJobLogDao.insert [BaseJdbcLogger.java : 159] <==    Updates: 1
2019-11-14 14:00:44,472 [ERROR] [QuartzScheduler_RenrenScheduler-DESKTOP-8V6KU1U1573709668985_ClusterManager] com.alibaba.druid.filter.stat.StatFilter [StatFilter.java : 478] slow sql 1557 millis. SELECT * FROM QRTZ_SCHEDULER_STATE WHERE SCHED_NAME = 'RenrenScheduler'[]
2019-11-14 14:01:20,073 [DEBUG] [main] io.renren.modules.sjflyjs.dao.ShLegalOpinionDao.updateById [BaseJdbcLogger.java : 159] ==>  Preparing: UPDATE sh_legal_opinion SET fv_file_name=?, fv_lower_firm=?, fv_company_name=?, fv_charge_person=?, fv_lower1=?, fv_date=?, fv_type=? WHERE id=? 
2019-11-14 14:01:20,078 [DEBUG] [main] io.renren.modules.sjflyjs.dao.ShLegalOpinionDao.updateById [BaseJdbcLogger.java : 159] ==> Parameters: 原尚股份：广东广信君达律师事务所关于广东原尚物流股份有限公司2018年限制性股票激励计划回购注销部分限制性股票实施相关事宜的法律意见书(String), 广东广信君达律师事务所(String), 广东原尚物流股份有限公司(String), 邓传远(String), 王晓华聂昕(String), 2019-11-06(String), 上交(String), 319428(Long)
2019-11-14 14:01:20,083 [DEBUG] [main] io.renren.modules.sjflyjs.dao.ShLegalOpinionDao.updateById [BaseJdbcLogger.java : 159] <==    Updates: 1
